2025-07-24 16:39:14,489 - ASR - INFO - ASR结果: 因为。
2025-07-24 16:40:16,041 - ASR - INFO - ASR结果: 你是谁？
2025-07-24 17:09:54,700 - ASR - INFO - ASR结果: 你好，小易。
2025-07-24 17:18:03,685 - ASR - INFO - ASR结果: 你好。
2025-07-24 17:18:40,986 - ASR - INFO - ASR结果: 可以换一个。
2025-07-24 17:18:54,759 - ASR - INFO - ASR结果: 对，什么意思？不叫妈妈？
2025-07-24 17:19:10,574 - ASR - INFO - ASR结果: 不需要三们了。
2025-07-24 17:42:13,145 - ASR - INFO - ASR结果: 电梯被困的处理方法。
2025-07-24 17:43:13,454 - ASR - INFO - ASR结果: 
2025-07-24 17:43:24,110 - ASR - INFO - ASR结果: 
2025-07-24 19:02:21,143 - ASR - INFO - ASR结果: 傻驴你好。
2025-07-24 19:02:40,294 - ASR - INFO - ASR结果: 不行。
2025-07-24 19:02:48,540 - ASR - INFO - ASR结果: 
2025-07-24 19:02:57,764 - ASR - INFO - ASR结果: 
2025-07-24 19:03:06,862 - ASR - INFO - ASR结果: 
2025-07-24 19:03:13,810 - ASR - INFO - ASR结果: 
2025-07-24 19:03:20,250 - ASR - INFO - ASR结果: 
2025-07-24 19:03:30,061 - ASR - INFO - ASR结果: 南瓜的吃。
2025-07-24 19:03:48,597 - ASR - INFO - ASR结果: 五百千分五百分之四，你没要喝，你有什么呢嗯？
2025-07-24 19:06:04,483 - ASR - INFO - ASR结果: 今天天气怎么样？
2025-07-24 19:15:49,931 - ASR - INFO - ASR结果: 怎么样？
2025-07-24 19:16:03,622 - ASR - INFO - ASR结果: 今天天气怎么样？
2025-07-24 19:16:21,251 - ASR - INFO - ASR结果: 
2025-07-24 19:16:36,305 - ASR - INFO - ASR结果: 没有。
2025-07-24 19:16:48,879 - ASR - INFO - ASR结果: 今天气怎么样？
2025-07-24 19:17:09,313 - ASR - INFO - ASR结果: 
2025-07-24 19:17:22,853 - ASR - INFO - ASR结果: 
2025-07-24 19:17:38,360 - ASR - INFO - ASR结果: 我说今天北京天气怎么样？
2025-07-24 19:18:24,442 - ASR - INFO - ASR结果: 该怎么做？
2025-07-24 19:18:49,940 - ASR - INFO - ASR结果: 是怎么做？
2025-07-24 19:19:29,357 - ASR - INFO - ASR结果: 
2025-07-24 19:19:42,346 - ASR - INFO - ASR结果: 
