2025-07-24 16:34:51,714 - Server - INFO - WebSocket 服务已启动 ws://0.0.0.0:10197
2025-07-24 16:39:09,437 - Server - INFO - 新连接来自: ('127.0.0.1', 10077), UID: 72523ab9-d5c1-4469-9ff8-d4f984a0a126
2025-07-24 16:39:09,568 - Server - INFO - 处理文本消息，UID: 72523ab9-d5c1-4469-9ff8-d4f984a0a126
2025-07-24 16:39:13,772 - Server - INFO - 处理文本消息，UID: 72523ab9-d5c1-4469-9ff8-d4f984a0a126
2025-07-24 16:39:21,530 - Server - INFO - 清理完成: 72523ab9-d5c1-4469-9ff8-d4f984a0a126
2025-07-24 16:40:12,926 - Server - INFO - 新连接来自: ('127.0.0.1', 10147), UID: 2abf200c-8131-400f-af98-9c809350b3fe
2025-07-24 16:40:13,060 - Server - INFO - 处理文本消息，UID: 2abf200c-8131-400f-af98-9c809350b3fe
2025-07-24 16:40:15,314 - Server - INFO - 处理文本消息，UID: 2abf200c-8131-400f-af98-9c809350b3fe
2025-07-24 16:40:35,005 - Server - INFO - 清理完成: 2abf200c-8131-400f-af98-9c809350b3fe
2025-07-24 17:09:24,690 - Server - INFO - WebSocket 服务已启动 ws://0.0.0.0:10197
2025-07-24 17:09:44,009 - Server - INFO - 新连接来自: ('127.0.0.1', 28779), UID: e970d6aa-a9e6-434e-b9d7-2a676ab5717c
2025-07-24 17:09:44,115 - Server - INFO - 处理文本消息，UID: e970d6aa-a9e6-434e-b9d7-2a676ab5717c
2025-07-24 17:09:53,927 - Server - INFO - 处理文本消息，UID: e970d6aa-a9e6-434e-b9d7-2a676ab5717c
2025-07-24 17:09:58,281 - Server - INFO - 清理完成: e970d6aa-a9e6-434e-b9d7-2a676ab5717c
2025-07-24 17:18:00,954 - Server - INFO - 新连接来自: ('127.0.0.1', 29575), UID: 08bca13c-b481-454d-a29b-99af8fe62d84
2025-07-24 17:18:01,060 - Server - INFO - 处理文本消息，UID: 08bca13c-b481-454d-a29b-99af8fe62d84
2025-07-24 17:18:02,986 - Server - INFO - 处理文本消息，UID: 08bca13c-b481-454d-a29b-99af8fe62d84
2025-07-24 17:18:10,096 - Server - INFO - 清理完成: 08bca13c-b481-454d-a29b-99af8fe62d84
2025-07-24 17:18:37,904 - Server - INFO - 新连接来自: ('127.0.0.1', 29640), UID: d9da2dd0-2c36-46f2-a679-fbfe4ce53fe3
2025-07-24 17:18:38,006 - Server - INFO - 处理文本消息，UID: d9da2dd0-2c36-46f2-a679-fbfe4ce53fe3
2025-07-24 17:18:40,287 - Server - INFO - 处理文本消息，UID: d9da2dd0-2c36-46f2-a679-fbfe4ce53fe3
2025-07-24 17:18:47,475 - Server - INFO - 清理完成: d9da2dd0-2c36-46f2-a679-fbfe4ce53fe3
2025-07-24 17:18:49,872 - Server - INFO - 新连接来自: ('127.0.0.1', 29656), UID: 5268b1bb-9d18-48cb-8057-bfdc44ccca9d
2025-07-24 17:18:49,981 - Server - INFO - 处理文本消息，UID: 5268b1bb-9d18-48cb-8057-bfdc44ccca9d
2025-07-24 17:18:53,586 - Server - INFO - 处理文本消息，UID: 5268b1bb-9d18-48cb-8057-bfdc44ccca9d
2025-07-24 17:19:04,998 - Server - INFO - 清理完成: 5268b1bb-9d18-48cb-8057-bfdc44ccca9d
2025-07-24 17:19:07,414 - Server - INFO - 新连接来自: ('127.0.0.1', 29691), UID: a6351bcb-d6ee-4da8-a915-390cc81404f6
2025-07-24 17:19:07,506 - Server - INFO - 处理文本消息，UID: a6351bcb-d6ee-4da8-a915-390cc81404f6
2025-07-24 17:19:09,760 - Server - INFO - 处理文本消息，UID: a6351bcb-d6ee-4da8-a915-390cc81404f6
2025-07-24 17:19:17,079 - Server - INFO - 清理完成: a6351bcb-d6ee-4da8-a915-390cc81404f6
2025-07-24 17:41:44,731 - Server - INFO - WebSocket 服务已启动 ws://0.0.0.0:10197
2025-07-24 17:42:08,262 - Server - INFO - 新连接来自: ('127.0.0.1', 35820), UID: 71ade006-935b-4b2d-b3e3-d6e74e700f42
2025-07-24 17:42:08,364 - Server - INFO - 处理文本消息，UID: 71ade006-935b-4b2d-b3e3-d6e74e700f42
2025-07-24 17:42:12,205 - Server - INFO - 处理文本消息，UID: 71ade006-935b-4b2d-b3e3-d6e74e700f42
2025-07-24 17:42:50,348 - Server - INFO - 清理临时文件完成: 71ade006-935b-4b2d-b3e3-d6e74e700f42
2025-07-24 17:43:11,877 - Server - INFO - 新连接来自: ('127.0.0.1', 35930), UID: 63fbe82b-3418-417e-a5f5-46a9eb9d9fe9
2025-07-24 17:43:12,118 - Server - INFO - 处理文本消息，UID: 63fbe82b-3418-417e-a5f5-46a9eb9d9fe9
2025-07-24 17:43:13,230 - Server - INFO - 处理文本消息，UID: 63fbe82b-3418-417e-a5f5-46a9eb9d9fe9
2025-07-24 17:43:19,326 - Server - INFO - 清理临时文件完成: 63fbe82b-3418-417e-a5f5-46a9eb9d9fe9
2025-07-24 17:43:22,634 - Server - INFO - 新连接来自: ('127.0.0.1', 35952), UID: ba546f4a-219f-4472-a518-600cee4aab41
2025-07-24 17:43:22,732 - Server - INFO - 处理文本消息，UID: ba546f4a-219f-4472-a518-600cee4aab41
2025-07-24 17:43:23,844 - Server - INFO - 处理文本消息，UID: ba546f4a-219f-4472-a518-600cee4aab41
2025-07-24 17:43:31,560 - Server - INFO - 清理临时文件完成: ba546f4a-219f-4472-a518-600cee4aab41
2025-07-24 19:02:01,270 - Server - INFO - WebSocket 服务已启动 ws://0.0.0.0:10197
2025-07-24 19:02:15,828 - Server - INFO - 新连接来自: ('127.0.0.1', 6465), UID: fd5f8141-cfe3-4d95-ae8b-aa04d40ca10f
2025-07-24 19:02:15,940 - Server - INFO - 处理文本消息，UID: fd5f8141-cfe3-4d95-ae8b-aa04d40ca10f
2025-07-24 19:02:20,456 - Server - INFO - 处理文本消息，UID: fd5f8141-cfe3-4d95-ae8b-aa04d40ca10f
2025-07-24 19:02:35,713 - Server - INFO - 清理临时文件完成: fd5f8141-cfe3-4d95-ae8b-aa04d40ca10f
2025-07-24 19:02:37,927 - Server - INFO - 新连接来自: ('127.0.0.1', 6497), UID: 73eb2088-2596-481b-8bbb-c9eb2468a1dc
2025-07-24 19:02:38,032 - Server - INFO - 处理文本消息，UID: 73eb2088-2596-481b-8bbb-c9eb2468a1dc
2025-07-24 19:02:39,666 - Server - INFO - 处理文本消息，UID: 73eb2088-2596-481b-8bbb-c9eb2468a1dc
2025-07-24 19:02:43,927 - Server - INFO - 清理临时文件完成: 73eb2088-2596-481b-8bbb-c9eb2468a1dc
2025-07-24 19:02:47,162 - Server - INFO - 新连接来自: ('127.0.0.1', 6523), UID: 0c61dc78-6798-4aa3-b878-8adb8aad4aea
2025-07-24 19:02:47,255 - Server - INFO - 处理文本消息，UID: 0c61dc78-6798-4aa3-b878-8adb8aad4aea
2025-07-24 19:02:48,394 - Server - INFO - 处理文本消息，UID: 0c61dc78-6798-4aa3-b878-8adb8aad4aea
2025-07-24 19:02:51,616 - Server - INFO - 清理临时文件完成: 0c61dc78-6798-4aa3-b878-8adb8aad4aea
2025-07-24 19:02:56,425 - Server - INFO - 新连接来自: ('127.0.0.1', 6545), UID: 566288fe-44ba-4a7a-906c-1c52a555d7e1
2025-07-24 19:02:56,517 - Server - INFO - 处理文本消息，UID: 566288fe-44ba-4a7a-906c-1c52a555d7e1
2025-07-24 19:02:57,619 - Server - INFO - 处理文本消息，UID: 566288fe-44ba-4a7a-906c-1c52a555d7e1
2025-07-24 19:03:00,603 - Server - INFO - 清理临时文件完成: 566288fe-44ba-4a7a-906c-1c52a555d7e1
2025-07-24 19:03:05,369 - Server - INFO - 新连接来自: ('127.0.0.1', 6559), UID: 89754259-f902-4220-8660-87301e6ea9cf
2025-07-24 19:03:05,467 - Server - INFO - 处理文本消息，UID: 89754259-f902-4220-8660-87301e6ea9cf
2025-07-24 19:03:06,595 - Server - INFO - 处理文本消息，UID: 89754259-f902-4220-8660-87301e6ea9cf
2025-07-24 19:03:09,815 - Server - INFO - 清理临时文件完成: 89754259-f902-4220-8660-87301e6ea9cf
2025-07-24 19:03:12,430 - Server - INFO - 新连接来自: ('127.0.0.1', 6578), UID: 2c0fe56b-b19e-47dc-ba70-d63b9354acd4
2025-07-24 19:03:12,525 - Server - INFO - 处理文本消息，UID: 2c0fe56b-b19e-47dc-ba70-d63b9354acd4
2025-07-24 19:03:13,641 - Server - INFO - 处理文本消息，UID: 2c0fe56b-b19e-47dc-ba70-d63b9354acd4
2025-07-24 19:03:16,583 - Server - INFO - 清理临时文件完成: 2c0fe56b-b19e-47dc-ba70-d63b9354acd4
2025-07-24 19:03:18,857 - Server - INFO - 新连接来自: ('127.0.0.1', 6593), UID: 3d327dd2-41bc-4f02-867d-78bf7d69d359
2025-07-24 19:03:18,947 - Server - INFO - 处理文本消息，UID: 3d327dd2-41bc-4f02-867d-78bf7d69d359
2025-07-24 19:03:20,073 - Server - INFO - 处理文本消息，UID: 3d327dd2-41bc-4f02-867d-78bf7d69d359
2025-07-24 19:03:23,160 - Server - INFO - 清理临时文件完成: 3d327dd2-41bc-4f02-867d-78bf7d69d359
2025-07-24 19:03:25,344 - Server - INFO - 新连接来自: ('127.0.0.1', 6603), UID: 664ba5ce-13b0-4325-bc3b-d227d689ffd2
2025-07-24 19:03:25,452 - Server - INFO - 处理文本消息，UID: 664ba5ce-13b0-4325-bc3b-d227d689ffd2
2025-07-24 19:03:29,007 - Server - INFO - 处理文本消息，UID: 664ba5ce-13b0-4325-bc3b-d227d689ffd2
2025-07-24 19:03:36,274 - Server - INFO - 清理临时文件完成: 664ba5ce-13b0-4325-bc3b-d227d689ffd2
2025-07-24 19:03:38,735 - Server - INFO - 新连接来自: ('127.0.0.1', 6624), UID: d898a1b8-f3ef-41a4-b3a8-569e0106066c
2025-07-24 19:03:38,825 - Server - INFO - 处理文本消息，UID: d898a1b8-f3ef-41a4-b3a8-569e0106066c
2025-07-24 19:03:46,870 - Server - INFO - 处理文本消息，UID: d898a1b8-f3ef-41a4-b3a8-569e0106066c
2025-07-24 19:03:56,366 - Server - INFO - 清理临时文件完成: d898a1b8-f3ef-41a4-b3a8-569e0106066c
2025-07-24 19:06:00,226 - Server - INFO - 新连接来自: ('127.0.0.1', 26182), UID: 7bcdb3c0-c5c9-417e-84f7-372a3e9c14a8
2025-07-24 19:06:00,344 - Server - INFO - 处理文本消息，UID: 7bcdb3c0-c5c9-417e-84f7-372a3e9c14a8
2025-07-24 19:06:03,718 - Server - INFO - 处理文本消息，UID: 7bcdb3c0-c5c9-417e-84f7-372a3e9c14a8
2025-07-24 19:06:07,313 - Server - INFO - 清理临时文件完成: 7bcdb3c0-c5c9-417e-84f7-372a3e9c14a8
2025-07-24 19:15:47,148 - Server - INFO - 新连接来自: ('127.0.0.1', 26912), UID: 96835329-2b91-46b3-a9e5-693fc7b00c23
2025-07-24 19:15:47,249 - Server - INFO - 处理文本消息，UID: 96835329-2b91-46b3-a9e5-693fc7b00c23
2025-07-24 19:15:49,334 - Server - INFO - 处理文本消息，UID: 96835329-2b91-46b3-a9e5-693fc7b00c23
2025-07-24 19:15:56,035 - Server - INFO - 清理临时文件完成: 96835329-2b91-46b3-a9e5-693fc7b00c23
2025-07-24 19:15:59,066 - Server - INFO - 新连接来自: ('127.0.0.1', 26930), UID: 7158b723-c862-469e-a47a-dc8b20fc2b38
2025-07-24 19:15:59,152 - Server - INFO - 处理文本消息，UID: 7158b723-c862-469e-a47a-dc8b20fc2b38
2025-07-24 19:16:02,616 - Server - INFO - 处理文本消息，UID: 7158b723-c862-469e-a47a-dc8b20fc2b38
2025-07-24 19:16:17,205 - Server - INFO - 清理临时文件完成: 7158b723-c862-469e-a47a-dc8b20fc2b38
2025-07-24 19:16:19,692 - Server - INFO - 新连接来自: ('127.0.0.1', 26959), UID: a4675936-56a8-448c-ad21-0dbc1e247948
2025-07-24 19:16:19,794 - Server - INFO - 处理文本消息，UID: a4675936-56a8-448c-ad21-0dbc1e247948
2025-07-24 19:16:20,922 - Server - INFO - 处理文本消息，UID: a4675936-56a8-448c-ad21-0dbc1e247948
2025-07-24 19:16:30,689 - Server - INFO - 清理临时文件完成: a4675936-56a8-448c-ad21-0dbc1e247948
2025-07-24 19:16:33,287 - Server - INFO - 新连接来自: ('127.0.0.1', 26980), UID: 2e479fdf-8c5b-4012-973b-363276c53e90
2025-07-24 19:16:33,365 - Server - INFO - 处理文本消息，UID: 2e479fdf-8c5b-4012-973b-363276c53e90
2025-07-24 19:16:35,510 - Server - INFO - 处理文本消息，UID: 2e479fdf-8c5b-4012-973b-363276c53e90
2025-07-24 19:16:42,490 - Server - INFO - 清理临时文件完成: 2e479fdf-8c5b-4012-973b-363276c53e90
2025-07-24 19:16:45,265 - Server - INFO - 新连接来自: ('127.0.0.1', 26995), UID: a83c7394-39f2-4f2e-9421-25cf169ed4d5
2025-07-24 19:16:45,354 - Server - INFO - 处理文本消息，UID: a83c7394-39f2-4f2e-9421-25cf169ed4d5
2025-07-24 19:16:47,979 - Server - INFO - 处理文本消息，UID: a83c7394-39f2-4f2e-9421-25cf169ed4d5
2025-07-24 19:17:05,783 - Server - INFO - 清理临时文件完成: a83c7394-39f2-4f2e-9421-25cf169ed4d5
2025-07-24 19:17:07,923 - Server - INFO - 新连接来自: ('127.0.0.1', 27026), UID: 18069f22-203e-494c-bd7e-7015b54532ae
2025-07-24 19:17:08,008 - Server - INFO - 处理文本消息，UID: 18069f22-203e-494c-bd7e-7015b54532ae
2025-07-24 19:17:09,130 - Server - INFO - 处理文本消息，UID: 18069f22-203e-494c-bd7e-7015b54532ae
2025-07-24 19:17:18,765 - Server - INFO - 清理临时文件完成: 18069f22-203e-494c-bd7e-7015b54532ae
2025-07-24 19:17:21,381 - Server - INFO - 新连接来自: ('127.0.0.1', 27044), UID: 358474bf-8a5f-49a2-bfdf-6b95833b54a5
2025-07-24 19:17:21,480 - Server - INFO - 处理文本消息，UID: 358474bf-8a5f-49a2-bfdf-6b95833b54a5
2025-07-24 19:17:22,605 - Server - INFO - 处理文本消息，UID: 358474bf-8a5f-49a2-bfdf-6b95833b54a5
2025-07-24 19:17:28,998 - Server - INFO - 清理临时文件完成: 358474bf-8a5f-49a2-bfdf-6b95833b54a5
2025-07-24 19:17:31,779 - Server - INFO - 新连接来自: ('127.0.0.1', 27060), UID: 8b95da6f-0aed-401a-816e-575325989a37
2025-07-24 19:17:31,872 - Server - INFO - 处理文本消息，UID: 8b95da6f-0aed-401a-816e-575325989a37
2025-07-24 19:17:37,077 - Server - INFO - 处理文本消息，UID: 8b95da6f-0aed-401a-816e-575325989a37
2025-07-24 19:17:58,039 - Server - INFO - 清理临时文件完成: 8b95da6f-0aed-401a-816e-575325989a37
2025-07-24 19:18:20,397 - Server - INFO - 新连接来自: ('127.0.0.1', 27171), UID: 3528fd8d-0179-426d-90d1-a2a0f5480c0a
2025-07-24 19:18:20,485 - Server - INFO - 处理文本消息，UID: 3528fd8d-0179-426d-90d1-a2a0f5480c0a
2025-07-24 19:18:23,439 - Server - INFO - 处理文本消息，UID: 3528fd8d-0179-426d-90d1-a2a0f5480c0a
2025-07-24 19:18:41,542 - Server - INFO - 清理临时文件完成: 3528fd8d-0179-426d-90d1-a2a0f5480c0a
2025-07-24 19:18:45,464 - Server - INFO - 新连接来自: ('127.0.0.1', 27201), UID: 04b15c7d-98f1-44ae-8f9e-85208e348a16
2025-07-24 19:18:45,564 - Server - INFO - 处理文本消息，UID: 04b15c7d-98f1-44ae-8f9e-85208e348a16
2025-07-24 19:18:48,759 - Server - INFO - 处理文本消息，UID: 04b15c7d-98f1-44ae-8f9e-85208e348a16
2025-07-24 19:19:24,276 - Server - INFO - 清理临时文件完成: 04b15c7d-98f1-44ae-8f9e-85208e348a16
2025-07-24 19:19:27,404 - Server - INFO - 新连接来自: ('127.0.0.1', 27262), UID: 7c431df2-11e0-4e63-bae5-50c79a51e60c
2025-07-24 19:19:27,486 - Server - INFO - 处理文本消息，UID: 7c431df2-11e0-4e63-bae5-50c79a51e60c
2025-07-24 19:19:28,613 - Server - INFO - 处理文本消息，UID: 7c431df2-11e0-4e63-bae5-50c79a51e60c
2025-07-24 19:19:36,242 - Server - INFO - 清理临时文件完成: 7c431df2-11e0-4e63-bae5-50c79a51e60c
2025-07-24 19:19:40,981 - Server - INFO - 新连接来自: ('127.0.0.1', 27281), UID: ecfd9c77-beba-4249-9a88-bcad951acf8b
2025-07-24 19:19:41,069 - Server - INFO - 处理文本消息，UID: ecfd9c77-beba-4249-9a88-bcad951acf8b
2025-07-24 19:19:42,163 - Server - INFO - 处理文本消息，UID: ecfd9c77-beba-4249-9a88-bcad951acf8b
2025-07-24 19:19:48,382 - Server - INFO - 清理临时文件完成: ecfd9c77-beba-4249-9a88-bcad951acf8b
2025-07-25 09:32:23,724 - Server - INFO - WebSocket 服务已启动 ws://0.0.0.0:10197
2025-07-25 10:51:04,723 - Server - INFO - 新连接来自: ('127.0.0.1', 4614), UID: 038e59af-49e2-4f2e-90e4-a7b43d404755
2025-07-25 10:51:04,875 - Server - INFO - 处理文本消息，UID: 038e59af-49e2-4f2e-90e4-a7b43d404755
2025-07-25 10:51:07,602 - Server - INFO - 处理文本消息，UID: 038e59af-49e2-4f2e-90e4-a7b43d404755
2025-07-25 10:51:07,605 - Server - INFO - 处理音频数据，共 84 帧
2025-07-25 10:51:26,124 - Server - INFO - 处理文本消息，UID: 038e59af-49e2-4f2e-90e4-a7b43d404755
2025-07-25 10:51:29,275 - Server - INFO - 处理文本消息，UID: 038e59af-49e2-4f2e-90e4-a7b43d404755
2025-07-25 10:51:29,276 - Server - INFO - 处理音频数据，共 105 帧
2025-07-25 10:54:25,917 - Server - INFO - 清理临时文件完成: 038e59af-49e2-4f2e-90e4-a7b43d404755
2025-07-25 11:32:34,567 - Server - INFO - WebSocket 服务已启动 ws://0.0.0.0:10197
2025-07-25 11:33:03,627 - Server - INFO - 新连接来自: ('127.0.0.1', 30832), UID: 069dd807-b0db-48f8-aff7-dcaf08978b66
2025-07-25 11:33:03,629 - Server - INFO - 欢迎语: 你叫小迪，是一个专业的智能语音助手
2025-07-25 11:33:05,545 - Server - INFO - 系统提示回复: 是的，我叫小迪，很高兴为您提供帮助。有什么问题需要我回答或者帮助您处理的吗？
2025-07-25 11:33:07,610 - Server - INFO - 已发送欢迎语音
2025-07-25 11:33:07,613 - Server - INFO - 处理文本消息，UID: 069dd807-b0db-48f8-aff7-dcaf08978b66
2025-07-25 11:33:53,194 - Server - INFO - 处理文本消息，UID: 069dd807-b0db-48f8-aff7-dcaf08978b66
2025-07-25 11:33:53,194 - Server - INFO - 处理音频数据，共 37 帧
2025-07-25 11:33:53,452 - Server - WARNING - ASR识别结果为空: ''
2025-07-25 11:35:48,964 - Server - INFO - 客户端断开连接: 069dd807-b0db-48f8-aff7-dcaf08978b66
2025-07-25 11:35:48,968 - Server - INFO - 清理临时文件完成: 069dd807-b0db-48f8-aff7-dcaf08978b66
2025-07-25 11:51:50,659 - Server - INFO - WebSocket 服务已启动 ws://0.0.0.0:10197
2025-07-25 11:52:11,423 - Server - INFO - 新连接来自: ('127.0.0.1', 32400), UID: 132c59fe-3570-4d67-a446-a7b54263735a
2025-07-25 11:52:11,424 - Server - INFO - 欢迎语: 你好！我是小迪，你的专业智能语音助手。有什么我可以帮助你的吗？
2025-07-25 11:52:13,498 - Server - INFO - 已发送欢迎语音
2025-07-25 11:52:13,501 - Server - INFO - 处理文本消息，UID: 132c59fe-3570-4d67-a446-a7b54263735a
2025-07-25 11:52:42,692 - Server - INFO - 处理文本消息，UID: 132c59fe-3570-4d67-a446-a7b54263735a
2025-07-25 11:52:42,693 - Server - INFO - 处理音频数据，共 64 帧
2025-07-25 11:54:00,001 - Server - INFO - 客户端断开连接: 132c59fe-3570-4d67-a446-a7b54263735a
2025-07-25 11:54:00,007 - Server - INFO - 清理完成: 132c59fe-3570-4d67-a446-a7b54263735a
2025-07-25 12:35:41,851 - Server - INFO - 新连接来自: ('127.0.0.1', 26111), UID: 60529123-1565-4666-9220-37a59c3447c1
2025-07-25 12:35:41,860 - Server - INFO - 欢迎语: 你好！我是小迪，你的专业智能语音助手。有什么我可以帮助你的吗？
2025-07-25 12:35:43,706 - Server - INFO - 已发送欢迎语音
2025-07-25 12:35:43,709 - Server - INFO - 处理文本消息，UID: 60529123-1565-4666-9220-37a59c3447c1
2025-07-25 12:36:01,149 - Server - INFO - 处理文本消息，UID: 60529123-1565-4666-9220-37a59c3447c1
2025-07-25 12:36:01,149 - Server - INFO - 处理音频数据，共 88 帧
2025-07-25 12:37:40,075 - Server - INFO - 客户端断开连接: 60529123-1565-4666-9220-37a59c3447c1
2025-07-25 12:37:40,076 - Server - INFO - 清理完成: 60529123-1565-4666-9220-37a59c3447c1
2025-07-25 13:17:08,711 - Server - INFO - WebSocket 服务已启动 ws://0.0.0.0:10197
2025-07-25 13:19:22,015 - Server - INFO - 新连接来自: ('127.0.0.1', 30014), UID: 188131fe-0395-4482-906b-9ffe9f64af4c
2025-07-25 13:19:22,022 - Server - INFO - 欢迎语: 你好！我是小迪，你的专业智能语音助手。有什么我可以帮助你的吗？
2025-07-25 13:19:27,321 - Server - INFO - 已发送欢迎语音
2025-07-25 13:19:27,324 - Server - INFO - 处理文本消息，UID: 188131fe-0395-4482-906b-9ffe9f64af4c
2025-07-25 13:19:27,793 - Server - INFO - 处理文本消息，UID: 188131fe-0395-4482-906b-9ffe9f64af4c
2025-07-25 13:19:27,793 - Server - INFO - 处理音频数据，共 41 帧
2025-07-25 13:19:28,054 - Server - WARNING - ASR识别结果为空: ''
2025-07-25 13:19:30,222 - Server - INFO - 处理文本消息，UID: 188131fe-0395-4482-906b-9ffe9f64af4c
2025-07-25 13:19:44,776 - Server - INFO - 处理文本消息，UID: 188131fe-0395-4482-906b-9ffe9f64af4c
2025-07-25 13:19:44,776 - Server - INFO - 处理音频数据，共 526 帧
2025-07-25 13:19:51,588 - Server - INFO - 处理文本消息，UID: 188131fe-0395-4482-906b-9ffe9f64af4c
2025-07-25 13:19:51,591 - Server - INFO - 处理文本消息，UID: 188131fe-0395-4482-906b-9ffe9f64af4c
2025-07-25 13:19:51,591 - Server - INFO - 处理音频数据，共 37 帧
2025-07-25 13:19:51,864 - Server - WARNING - ASR识别结果为空: ''
2025-07-25 13:19:51,865 - Server - INFO - 处理文本消息，UID: 188131fe-0395-4482-906b-9ffe9f64af4c
2025-07-25 13:19:51,869 - Server - INFO - 处理文本消息，UID: 188131fe-0395-4482-906b-9ffe9f64af4c
2025-07-25 13:19:51,872 - Server - INFO - 处理音频数据，共 73 帧
2025-07-25 13:19:52,227 - Server - WARNING - ASR识别结果为空: ''
2025-07-25 13:20:10,624 - Server - INFO - 清理完成: 188131fe-0395-4482-906b-9ffe9f64af4c
2025-07-25 13:27:12,486 - Server - INFO - 新连接来自: ('127.0.0.1', 30620), UID: d296c4cd-8755-4a4e-bcb9-442f67e7ea2b
2025-07-25 13:27:12,491 - Server - INFO - 欢迎语: 你好！我是小迪，你的专业智能语音助手。有什么我可以帮助你的吗？
2025-07-25 13:27:14,256 - Server - INFO - 已发送欢迎语音
2025-07-25 13:27:14,259 - Server - INFO - 处理文本消息，UID: d296c4cd-8755-4a4e-bcb9-442f67e7ea2b
2025-07-25 13:27:18,793 - Server - INFO - 处理文本消息，UID: d296c4cd-8755-4a4e-bcb9-442f67e7ea2b
2025-07-25 13:27:18,793 - Server - INFO - 处理音频数据，共 50 帧
2025-07-25 13:28:13,398 - Server - INFO - 处理文本消息，UID: d296c4cd-8755-4a4e-bcb9-442f67e7ea2b
2025-07-25 13:28:21,950 - Server - INFO - 处理文本消息，UID: d296c4cd-8755-4a4e-bcb9-442f67e7ea2b
2025-07-25 13:28:21,950 - Server - INFO - 处理音频数据，共 97 帧
2025-07-25 13:28:26,640 - Server - ERROR - 处理消息出错: received 1011 (unexpected error) keepalive ping timeout; then sent 1011 (unexpected error) keepalive ping timeout
2025-07-25 13:28:26,641 - Server - ERROR - 处理消息出错: received 1011 (unexpected error) keepalive ping timeout; then sent 1011 (unexpected error) keepalive ping timeout
2025-07-25 13:28:26,641 - Server - INFO - 客户端断开连接: d296c4cd-8755-4a4e-bcb9-442f67e7ea2b
2025-07-25 13:28:26,646 - Server - INFO - 清理完成: d296c4cd-8755-4a4e-bcb9-442f67e7ea2b
2025-07-25 13:28:51,632 - Server - INFO - 新连接来自: ('127.0.0.1', 30858), UID: 2548844e-b6ed-4ebd-90df-6fb194238263
2025-07-25 13:28:51,637 - Server - INFO - 欢迎语: 你好！我是小迪，你的专业智能语音助手。有什么我可以帮助你的吗？
2025-07-25 13:28:53,337 - Server - INFO - 已发送欢迎语音
2025-07-25 13:28:53,354 - Server - INFO - 处理文本消息，UID: 2548844e-b6ed-4ebd-90df-6fb194238263
2025-07-25 13:28:57,675 - Server - INFO - 处理文本消息，UID: 2548844e-b6ed-4ebd-90df-6fb194238263
2025-07-25 13:28:57,676 - Server - INFO - 处理音频数据，共 83 帧
2025-07-25 13:29:32,528 - Server - INFO - 处理文本消息，UID: 2548844e-b6ed-4ebd-90df-6fb194238263
2025-07-25 13:29:46,182 - Server - INFO - 处理文本消息，UID: 2548844e-b6ed-4ebd-90df-6fb194238263
2025-07-25 13:29:46,184 - Server - INFO - 处理音频数据，共 38 帧
2025-07-25 13:29:46,463 - Server - WARNING - ASR识别结果为空: ''
2025-07-25 13:29:46,513 - Server - INFO - 客户端断开连接: 2548844e-b6ed-4ebd-90df-6fb194238263
2025-07-25 13:29:46,515 - Server - INFO - 清理完成: 2548844e-b6ed-4ebd-90df-6fb194238263
2025-07-25 13:30:48,530 - Server - INFO - 新连接来自: ('127.0.0.1', 41051), UID: 0450b04e-492e-4b05-92fe-d742650d2b68
2025-07-25 13:30:48,533 - Server - INFO - 欢迎语: 你好！我是小迪，你的专业智能语音助手。有什么我可以帮助你的吗？
2025-07-25 13:30:50,256 - Server - INFO - 已发送欢迎语音
2025-07-25 13:30:50,260 - Server - INFO - 处理文本消息，UID: 0450b04e-492e-4b05-92fe-d742650d2b68
2025-07-25 13:30:53,676 - Server - INFO - 处理文本消息，UID: 0450b04e-492e-4b05-92fe-d742650d2b68
2025-07-25 13:30:53,676 - Server - INFO - 处理音频数据，共 85 帧
2025-07-25 13:34:18,831 - Server - INFO - 客户端断开连接: 0450b04e-492e-4b05-92fe-d742650d2b68
2025-07-25 13:34:18,833 - Server - INFO - 清理完成: 0450b04e-492e-4b05-92fe-d742650d2b68
2025-07-25 13:45:34,012 - Server - INFO - WebSocket 服务已启动 ws://0.0.0.0:10197
2025-07-25 13:45:55,135 - Server - INFO - 新连接来自: ('127.0.0.1', 58056), UID: 65c9f80c-8e77-4d02-bc1b-50a95219dad7
2025-07-25 13:45:55,137 - Server - INFO - 欢迎语: 你好！我是小迪，你的专业智能语音助手。有什么我可以帮助你的吗？
2025-07-25 13:45:56,934 - Server - INFO - 已发送欢迎语音
2025-07-25 13:47:49,558 - Server - INFO - 客户端断开连接: 65c9f80c-8e77-4d02-bc1b-50a95219dad7
2025-07-25 13:47:49,559 - Server - INFO - 清理完成: 65c9f80c-8e77-4d02-bc1b-50a95219dad7
2025-07-25 13:56:31,168 - Server - INFO - 新连接来自: ('127.0.0.1', 58982), UID: 950c5b56-9db2-4f59-a3d9-6b95e05ae112
2025-07-25 13:56:31,176 - Server - INFO - 欢迎语: 你好！我是小迪，你的专业智能语音助手。有什么我可以帮助你的吗？
2025-07-25 13:56:32,901 - Server - INFO - 已发送欢迎语音
2025-07-25 13:56:40,848 - Server - INFO - 处理文本消息，UID: 950c5b56-9db2-4f59-a3d9-6b95e05ae112
2025-07-25 13:56:51,740 - Server - INFO - 处理文本消息，UID: 950c5b56-9db2-4f59-a3d9-6b95e05ae112
2025-07-25 13:56:51,740 - Server - INFO - 处理音频数据，共 37 帧
2025-07-25 13:56:51,980 - Server - WARNING - ASR识别结果为空: ''
2025-07-25 13:56:56,821 - Server - INFO - 清理完成: 950c5b56-9db2-4f59-a3d9-6b95e05ae112
2025-07-25 13:57:47,074 - Server - INFO - 新连接来自: ('127.0.0.1', 59158), UID: 99355a7d-df3d-44a2-86a0-dda09de53489
2025-07-25 13:57:47,078 - Server - INFO - 欢迎语: 你好！我是小迪，你的专业智能语音助手。有什么我可以帮助你的吗？
2025-07-25 13:57:48,745 - Server - INFO - 已发送欢迎语音
2025-07-25 13:57:58,147 - Server - INFO - 处理文本消息，UID: 99355a7d-df3d-44a2-86a0-dda09de53489
2025-07-25 13:58:02,947 - Server - INFO - 处理文本消息，UID: 99355a7d-df3d-44a2-86a0-dda09de53489
2025-07-25 13:58:02,948 - Server - INFO - 处理音频数据，共 58 帧
2025-07-25 13:58:06,488 - Server - ERROR - 处理消息出错: received 1000 (OK); then sent 1000 (OK)
2025-07-25 13:58:06,489 - Server - ERROR - 处理消息出错: received 1000 (OK); then sent 1000 (OK)
2025-07-25 13:58:06,489 - Server - INFO - 客户端断开连接: 99355a7d-df3d-44a2-86a0-dda09de53489
2025-07-25 13:58:06,498 - Server - INFO - 清理完成: 99355a7d-df3d-44a2-86a0-dda09de53489
2025-07-25 14:00:12,832 - Server - INFO - 新连接来自: ('127.0.0.1', 59329), UID: 5e3cbc2e-bf20-4f54-9283-7b72992beaaa
2025-07-25 14:00:12,836 - Server - INFO - 欢迎语: 你好！我是小迪，你的专业智能语音助手。有什么我可以帮助你的吗？
2025-07-25 14:00:14,703 - Server - INFO - 已发送欢迎语音
2025-07-25 14:00:23,910 - Server - INFO - 处理文本消息，UID: 5e3cbc2e-bf20-4f54-9283-7b72992beaaa
2025-07-25 14:00:31,202 - Server - INFO - 处理文本消息，UID: 5e3cbc2e-bf20-4f54-9283-7b72992beaaa
2025-07-25 14:00:31,202 - Server - INFO - 处理音频数据，共 101 帧
2025-07-25 14:03:43,149 - Server - INFO - 客户端断开连接: 5e3cbc2e-bf20-4f54-9283-7b72992beaaa
2025-07-25 14:03:43,150 - Server - INFO - 清理完成: 5e3cbc2e-bf20-4f54-9283-7b72992beaaa
2025-07-25 14:27:53,809 - Server - INFO - 新连接来自: ('127.0.0.1', 6980), UID: d4512deb-6c6d-46e8-8c80-b2f590c4146f
2025-07-25 14:27:53,814 - Server - INFO - 欢迎语: 你好！我是小迪，你的专业智能语音助手。有什么我可以帮助你的吗？
2025-07-25 14:27:55,625 - Server - INFO - 已发送欢迎语音
2025-07-25 14:27:55,628 - Server - INFO - 处理文本消息，UID: d4512deb-6c6d-46e8-8c80-b2f590c4146f
2025-07-25 14:28:11,498 - Server - INFO - 处理文本消息，UID: d4512deb-6c6d-46e8-8c80-b2f590c4146f
2025-07-25 14:28:11,499 - Server - INFO - 处理音频数据，共 49 帧
2025-07-25 14:29:08,292 - Server - INFO - 清理完成: d4512deb-6c6d-46e8-8c80-b2f590c4146f
2025-07-25 14:39:20,762 - Server - INFO - 新连接来自: ('127.0.0.1', 8022), UID: 8e989503-4d02-4afc-a3a4-86fbc5708b4a
2025-07-25 14:39:20,766 - Server - INFO - 欢迎语: 你好！我是小迪，你的专业智能语音助手。有什么我可以帮助你的吗？
2025-07-25 14:39:22,569 - Server - INFO - 已发送欢迎语音
2025-07-25 14:39:22,571 - Server - INFO - 处理文本消息，UID: 8e989503-4d02-4afc-a3a4-86fbc5708b4a
2025-07-25 14:39:25,952 - Server - INFO - 处理文本消息，UID: 8e989503-4d02-4afc-a3a4-86fbc5708b4a
2025-07-25 14:39:25,952 - Server - INFO - 处理音频数据，共 66 帧
2025-07-25 14:39:33,364 - Server - INFO - 处理文本消息，UID: 8e989503-4d02-4afc-a3a4-86fbc5708b4a
2025-07-25 14:39:34,445 - Server - INFO - 处理文本消息，UID: 8e989503-4d02-4afc-a3a4-86fbc5708b4a
2025-07-25 14:39:34,445 - Server - INFO - 处理音频数据，共 36 帧
2025-07-25 14:39:34,748 - Server - WARNING - ASR识别结果为空: ''
2025-07-25 14:39:42,178 - Server - INFO - 处理文本消息，UID: 8e989503-4d02-4afc-a3a4-86fbc5708b4a
2025-07-25 14:39:43,268 - Server - INFO - 处理文本消息，UID: 8e989503-4d02-4afc-a3a4-86fbc5708b4a
2025-07-25 14:39:43,271 - Server - INFO - 处理音频数据，共 72 帧
2025-07-25 14:39:43,625 - Server - WARNING - ASR识别结果为空: ''
2025-07-25 14:41:00,118 - Server - INFO - 处理文本消息，UID: 8e989503-4d02-4afc-a3a4-86fbc5708b4a
2025-07-25 14:41:35,430 - Server - INFO - 处理文本消息，UID: 8e989503-4d02-4afc-a3a4-86fbc5708b4a
2025-07-25 14:41:35,430 - Server - INFO - 处理音频数据，共 123 帧
2025-07-25 14:42:03,406 - Server - INFO - 清理完成: 8e989503-4d02-4afc-a3a4-86fbc5708b4a
2025-07-25 14:42:21,508 - Server - INFO - 新连接来自: ('127.0.0.1', 8238), UID: 48a4c91e-ae1a-4f73-954c-40624ef7c5d9
2025-07-25 14:42:21,509 - Server - INFO - 欢迎语: 你好！我是小迪，你的专业智能语音助手。有什么我可以帮助你的吗？
2025-07-25 14:42:23,240 - Server - INFO - 已发送欢迎语音
2025-07-25 14:42:23,245 - Server - INFO - 处理文本消息，UID: 48a4c91e-ae1a-4f73-954c-40624ef7c5d9
2025-07-25 14:42:25,822 - Server - INFO - 处理文本消息，UID: 48a4c91e-ae1a-4f73-954c-40624ef7c5d9
2025-07-25 14:42:25,823 - Server - INFO - 处理音频数据，共 95 帧
2025-07-25 14:43:32,588 - Server - INFO - 处理文本消息，UID: 48a4c91e-ae1a-4f73-954c-40624ef7c5d9
2025-07-25 14:43:49,572 - Server - INFO - 处理文本消息，UID: 48a4c91e-ae1a-4f73-954c-40624ef7c5d9
2025-07-25 14:43:49,574 - Server - INFO - 处理音频数据，共 45 帧
2025-07-25 14:43:49,975 - Server - WARNING - ASR识别结果为空: ''
2025-07-25 14:43:58,339 - Server - INFO - 处理文本消息，UID: 48a4c91e-ae1a-4f73-954c-40624ef7c5d9
2025-07-25 14:44:01,940 - Server - INFO - 处理文本消息，UID: 48a4c91e-ae1a-4f73-954c-40624ef7c5d9
2025-07-25 14:44:01,940 - Server - INFO - 处理音频数据，共 165 帧
2025-07-25 14:44:14,941 - Server - INFO - 处理文本消息，UID: 48a4c91e-ae1a-4f73-954c-40624ef7c5d9
2025-07-25 14:44:16,023 - Server - INFO - 处理文本消息，UID: 48a4c91e-ae1a-4f73-954c-40624ef7c5d9
2025-07-25 14:44:16,024 - Server - INFO - 处理音频数据，共 36 帧
2025-07-25 14:44:16,313 - Server - WARNING - ASR识别结果为空: ''
2025-07-25 14:44:46,833 - Server - INFO - 处理文本消息，UID: 48a4c91e-ae1a-4f73-954c-40624ef7c5d9
2025-07-25 14:44:55,653 - Server - INFO - 处理文本消息，UID: 48a4c91e-ae1a-4f73-954c-40624ef7c5d9
2025-07-25 14:44:55,654 - Server - INFO - 处理音频数据，共 330 帧
2025-07-25 14:45:19,078 - Server - INFO - 处理文本消息，UID: 48a4c91e-ae1a-4f73-954c-40624ef7c5d9
2025-07-25 14:45:20,161 - Server - INFO - 处理文本消息，UID: 48a4c91e-ae1a-4f73-954c-40624ef7c5d9
2025-07-25 14:45:20,162 - Server - INFO - 处理音频数据，共 36 帧
2025-07-25 14:45:20,474 - Server - WARNING - ASR识别结果为空: ''
2025-07-25 14:49:02,067 - Server - INFO - 客户端断开连接: 48a4c91e-ae1a-4f73-954c-40624ef7c5d9
2025-07-25 14:49:02,084 - Server - INFO - 清理完成: 48a4c91e-ae1a-4f73-954c-40624ef7c5d9
2025-07-25 15:01:19,400 - Server - INFO - 新连接来自: ('127.0.0.1', 55355), UID: d5d84455-949b-4a47-b882-8feb2b7e81b7
2025-07-25 15:01:19,404 - Server - INFO - 欢迎语: 你好！我是小迪，你的专业智能语音助手。有什么我可以帮助你的吗？
2025-07-25 15:01:21,142 - Server - INFO - 已发送欢迎语音
2025-07-25 15:01:21,144 - Server - INFO - 处理文本消息，UID: d5d84455-949b-4a47-b882-8feb2b7e81b7
2025-07-25 15:01:56,454 - Server - INFO - 处理文本消息，UID: d5d84455-949b-4a47-b882-8feb2b7e81b7
2025-07-25 15:01:56,457 - Server - INFO - 处理音频数据，共 62 帧
2025-07-25 15:02:06,553 - Server - INFO - 清理完成: d5d84455-949b-4a47-b882-8feb2b7e81b7
2025-07-25 15:11:19,354 - Server - INFO - 新连接来自: ('127.0.0.1', 56126), UID: cafd7878-f901-414d-be3d-8113317bf76f
2025-07-25 15:11:19,359 - Server - INFO - 欢迎语: 你好！我是小迪，你的专业智能语音助手。有什么我可以帮助你的吗？
2025-07-25 15:11:21,244 - Server - INFO - 已发送欢迎语音
2025-07-25 15:11:21,387 - Server - INFO - 处理文本消息，UID: cafd7878-f901-414d-be3d-8113317bf76f
2025-07-25 15:11:33,270 - Server - INFO - 处理文本消息，UID: cafd7878-f901-414d-be3d-8113317bf76f
2025-07-25 15:11:33,271 - Server - INFO - 处理音频数据，共 40 帧
2025-07-25 15:11:33,598 - Server - WARNING - ASR识别结果为空: ''
2025-07-25 15:11:41,997 - Server - INFO - 处理文本消息，UID: cafd7878-f901-414d-be3d-8113317bf76f
2025-07-25 15:11:43,082 - Server - INFO - 处理文本消息，UID: cafd7878-f901-414d-be3d-8113317bf76f
2025-07-25 15:11:43,083 - Server - INFO - 处理音频数据，共 76 帧
2025-07-25 15:11:43,535 - Server - WARNING - ASR识别结果为空: ''
2025-07-25 15:12:13,573 - Server - INFO - 清理完成: cafd7878-f901-414d-be3d-8113317bf76f
2025-07-25 15:26:27,201 - Server - INFO - WebSocket 服务已启动 ws://0.0.0.0:10197
2025-07-25 15:27:28,468 - Server - INFO - 新连接来自: ('127.0.0.1', 6134), UID: ea0d7f93-f80c-4ebc-8fd4-957e8c97020f
2025-07-25 15:27:28,472 - Server - INFO - 欢迎语: 你好！我是小迪，你的专业智能语音助手。有什么我可以帮助你的吗？
2025-07-25 15:27:30,291 - Server - INFO - 已发送欢迎语音
2025-07-25 15:27:38,717 - Server - INFO - 处理文本消息，UID: ea0d7f93-f80c-4ebc-8fd4-957e8c97020f
2025-07-25 15:27:42,048 - Server - INFO - 处理文本消息，UID: ea0d7f93-f80c-4ebc-8fd4-957e8c97020f
2025-07-25 15:27:42,048 - Server - INFO - 处理音频数据，共 100 帧
2025-07-25 15:28:01,369 - Server - INFO - 清理完成: ea0d7f93-f80c-4ebc-8fd4-957e8c97020f
