2025-07-24 16:38:58,324 - ASR - INFO - ASR结果: 你好，老迪。
2025-07-24 16:39:07,297 - ASR - INFO - ASR结果: 小迪，你好。
2025-07-24 16:39:27,176 - ASR - INFO - ASR结果: 就是属a.
2025-07-24 16:39:35,459 - ASR - INFO - ASR结果: 你好，娇滴。
2025-07-24 16:39:45,517 - ASR - INFO - ASR结果: 你好，小姨。
2025-07-24 16:40:10,836 - ASR - INFO - ASR结果: 你好，小迪。
2025-07-24 16:40:41,022 - ASR - INFO - ASR结果: 今天。
2025-07-24 16:42:18,866 - ASR - INFO - ASR结果: 
2025-07-24 16:42:40,645 - ASR - INFO - ASR结果: 
2025-07-24 17:09:41,888 - ASR - INFO - ASR结果: 小迪，你好。
2025-07-24 17:10:35,856 - ASR - INFO - ASR结果: 韩国母兵也没。
2025-07-24 17:10:38,252 - ASR - INFO - ASR结果: 
2025-07-24 17:10:40,968 - ASR - INFO - ASR结果: 
2025-07-24 17:11:10,354 - ASR - INFO - ASR结果: 移动。
2025-07-24 17:11:22,832 - ASR - INFO - ASR结果: 
2025-07-24 17:17:58,809 - ASR - INFO - ASR结果: 你好，小迪。
2025-07-24 17:18:31,422 - ASR - INFO - ASR结果: 
2025-07-24 17:18:33,675 - ASR - INFO - ASR结果: 
2025-07-24 17:18:35,825 - ASR - INFO - ASR结果: 你好，小迪。
2025-07-24 17:19:24,005 - ASR - INFO - ASR结果: 百分之三九三八。
2025-07-24 17:20:11,337 - ASR - INFO - ASR结果: 
2025-07-24 17:20:38,402 - ASR - INFO - ASR结果: 
2025-07-24 17:20:58,114 - ASR - INFO - ASR结果: 
2025-07-24 17:22:07,129 - ASR - INFO - ASR结果: 
2025-07-24 17:22:17,144 - ASR - INFO - ASR结果: 
2025-07-24 17:22:25,569 - ASR - INFO - ASR结果: 水晶芒果和方。
2025-07-24 17:22:28,650 - ASR - INFO - ASR结果: 啊，我啊，我没有。
2025-07-24 17:22:34,030 - ASR - INFO - ASR结果: 不用吗？我觉得一个一个。
2025-07-24 17:22:35,699 - ASR - INFO - ASR结果: 
2025-07-24 17:22:37,475 - ASR - INFO - ASR结果: 
2025-07-24 17:22:40,011 - ASR - INFO - ASR结果: 一句话说不你。
2025-07-24 17:22:43,394 - ASR - INFO - ASR结果: 不大别特别大啊。
2025-07-24 17:22:51,679 - ASR - INFO - ASR结果: 
2025-07-24 17:22:54,407 - ASR - INFO - ASR结果: 
2025-07-24 17:22:57,006 - ASR - INFO - ASR结果: 
2025-07-24 17:22:58,554 - ASR - INFO - ASR结果: 
2025-07-24 17:23:05,046 - ASR - INFO - ASR结果: 王老师，他这个还是他这个还是要签收吗？
2025-07-24 17:23:25,647 - ASR - INFO - ASR结果: 啊，你不用你自己对就行了，我看那上面写的还是要点确认签收呀啊。对对对对，确认签收啊，现在先签收，再那个是吧？对，签收，但是然后签名签名了之后，那下次那下我重新登的话，还要点签收吗？不用了。
2025-07-24 17:23:34,799 - ASR - INFO - ASR结果: 你看这个。
2025-07-24 17:23:43,907 - ASR - INFO - ASR结果: 
2025-07-24 17:41:59,090 - ASR - INFO - ASR结果: 嗯，你好，咋迪？
2025-07-24 17:42:06,128 - ASR - INFO - ASR结果: 你好，小迪。
2025-07-24 17:45:20,715 - ASR - INFO - ASR结果: 
2025-07-24 19:02:13,669 - ASR - INFO - ASR结果: 你好，小迪。
2025-07-24 19:04:10,099 - ASR - INFO - ASR结果: 为什么？
2025-07-24 19:04:13,509 - ASR - INFO - ASR结果: 
2025-07-24 19:04:26,371 - ASR - INFO - ASR结果: 能够以实战奋斗。
2025-07-24 19:04:35,719 - ASR - INFO - ASR结果: 
2025-07-24 19:04:37,762 - ASR - INFO - ASR结果: 
2025-07-24 19:04:43,618 - ASR - INFO - ASR结果: 
2025-07-24 19:04:49,515 - ASR - INFO - ASR结果: 炖炖。
2025-07-24 19:04:54,030 - ASR - INFO - ASR结果: 还有一个羽毛球的套装。
2025-07-24 19:05:01,393 - ASR - INFO - ASR结果: 那你拿球拍，那你拿球拍，你行，你拿球拍呀。
2025-07-24 19:05:06,933 - ASR - INFO - ASR结果: 然后还有一个雾中物的随手杯。
2025-07-24 19:05:10,209 - ASR - INFO - ASR结果: 嗯，拓展健身喽。
2025-07-24 19:05:20,057 - ASR - INFO - ASR结果: 
2025-07-24 19:05:23,955 - ASR - INFO - ASR结果: 
2025-07-24 19:05:26,435 - ASR - INFO - ASR结果: 
2025-07-24 19:05:29,881 - ASR - INFO - ASR结果: 
2025-07-24 19:05:35,708 - ASR - INFO - ASR结果: 我那一瓶的嗯，你过来。
2025-07-24 19:05:41,188 - ASR - INFO - ASR结果: 
2025-07-24 19:05:45,743 - ASR - INFO - ASR结果: 嗯嗯嗯嗯。
2025-07-24 19:05:47,587 - ASR - INFO - ASR结果: 你很。
2025-07-24 19:05:52,787 - ASR - INFO - ASR结果: 你好，小菊。
2025-07-24 19:05:54,363 - ASR - INFO - ASR结果: 
2025-07-24 19:05:58,134 - ASR - INFO - ASR结果: 小迪，你好。
2025-07-24 19:06:16,369 - ASR - INFO - ASR结果: 今天天哦这个冒错了。
2025-07-24 19:06:20,151 - ASR - INFO - ASR结果: 你答案给我的意见。
2025-07-24 19:06:27,319 - ASR - INFO - ASR结果: 对呀，你有送货地址的邮号嗯，是我的，都是我的。
2025-07-24 19:06:37,558 - ASR - INFO - ASR结果: 啊，一年级写我的对，去年其实都写我一个。
2025-07-24 19:06:47,825 - ASR - INFO - ASR结果: 
2025-07-24 19:15:45,001 - ASR - INFO - ASR结果: 你好，小迪。
2025-07-24 19:18:07,955 - ASR - INFO - ASR结果: 鱼香肉丝鱼香肉丝怎么做？
2025-07-24 19:18:18,298 - ASR - INFO - ASR结果: 你好，小迪。
2025-07-24 19:19:58,999 - ASR - INFO - ASR结果: 爸围的爸。
2025-07-24 19:20:07,663 - ASR - INFO - ASR结果: 哎，人怎么办呢？
2025-07-24 19:20:09,508 - ASR - INFO - ASR结果: 他也是。
2025-07-24 19:20:12,476 - ASR - INFO - ASR结果: 有什么事？
2025-07-24 19:20:17,698 - ASR - INFO - ASR结果: 变成那么大点的小鸟，看到吗？
2025-07-24 19:20:25,583 - ASR - INFO - ASR结果: 那怎么今天的衣服太黑了，这怎么光系这么看？
2025-07-24 19:20:30,191 - ASR - INFO - ASR结果: 没跟那个，然后呢嗯对对。
2025-07-24 19:20:45,347 - ASR - INFO - ASR结果: 我要做饭。
2025-07-24 19:20:58,045 - ASR - INFO - ASR结果: 嗯。
2025-07-24 19:21:00,613 - ASR - INFO - ASR结果: 
2025-07-24 19:21:14,846 - ASR - INFO - ASR结果: 
2025-07-24 19:21:37,707 - ASR - INFO - ASR结果: 
2025-07-25 10:49:23,137 - ASR - INFO - ASR结果: 嗯。
2025-07-25 10:49:35,498 - ASR - INFO - ASR结果: 对。
2025-07-25 10:49:54,991 - ASR - INFO - ASR结果: 嗯，这个我知道他嗯，你你刚才说的那个那我直接把那个接口里面加个请求题，然后他直接把他的那个所有消息都放里面，我直接退给你就可以了。
2025-07-25 10:50:03,207 - ASR - INFO - ASR结果: 
2025-07-25 10:50:05,013 - ASR - INFO - ASR结果: 
2025-07-25 10:50:11,923 - ASR - INFO - ASR结果: 哎，那呀，还不如直接给我们那个呢。
2025-07-25 10:50:13,715 - ASR - INFO - ASR结果: 好。
2025-07-25 10:50:15,613 - ASR - INFO - ASR结果: 
2025-07-25 10:50:19,137 - ASR - INFO - ASR结果: 嗯，好。
2025-07-25 10:50:25,881 - ASR - INFO - ASR结果: 我看那我不得要升级一下，我升级一次，可麻烦了。
2025-07-25 10:50:28,930 - ASR - INFO - ASR结果: 
2025-07-25 10:50:31,625 - ASR - INFO - ASR结果: 
2025-07-25 10:50:36,108 - ASR - INFO - ASR结果: 啊，行吧好。
2025-07-25 10:50:37,843 - ASR - INFO - ASR结果: 嗯。
2025-07-25 10:50:39,642 - ASR - INFO - ASR结果: 
2025-07-25 10:50:57,144 - ASR - INFO - ASR结果: 你好，贾迪。
2025-07-25 10:51:00,077 - ASR - INFO - ASR结果: 
2025-07-25 10:51:02,457 - ASR - INFO - ASR结果: 你好，小迪。
2025-07-25 10:53:33,115 - ASR - INFO - ASR结果: 
2025-07-25 11:32:51,335 - ASR - INFO - ASR结果: 你好，老弟。
2025-07-25 11:32:56,684 - ASR - INFO - ASR结果: 你好，小皮。
2025-07-25 11:33:01,483 - ASR - INFO - ASR结果: 小迪，你好。
2025-07-25 11:35:09,484 - ASR - INFO - ASR结果: 
2025-07-25 11:35:32,994 - ASR - INFO - ASR结果: 我们你得。
2025-07-25 11:52:09,322 - ASR - INFO - ASR结果: 你好，小迪。
2025-07-25 11:53:09,595 - ASR - INFO - ASR结果: 我也不说给他的特点。
2025-07-25 12:35:37,189 - ASR - INFO - ASR结果: 
2025-07-25 12:35:39,607 - ASR - INFO - ASR结果: 你好，小迪。
2025-07-25 12:36:15,543 - ASR - INFO - ASR结果: 
2025-07-25 12:36:16,485 - ASR - INFO - ASR结果: 
2025-07-25 12:36:17,622 - ASR - INFO - ASR结果: 
2025-07-25 12:36:19,009 - ASR - INFO - ASR结果: 
2025-07-25 12:36:20,006 - ASR - INFO - ASR结果: 
2025-07-25 12:36:22,984 - ASR - INFO - ASR结果: 
2025-07-25 12:36:31,753 - ASR - INFO - ASR结果: 
2025-07-25 12:36:36,052 - ASR - INFO - ASR结果: 你有可有。
2025-07-25 12:37:19,330 - ASR - INFO - ASR结果: 
2025-07-25 13:18:31,929 - ASR - INFO - ASR结果: 张总又发财了嗯，对。
2025-07-25 13:18:33,876 - ASR - INFO - ASR结果: 大上海。
2025-07-25 13:18:46,604 - ASR - INFO - ASR结果: 刚打算回来多待几天嗯，就这叫话音内落哈。对，我还以为那他回来要待好长时间呢，你计划待。
2025-07-25 13:18:50,960 - ASR - INFO - ASR结果: 嗯，哎，你没接电话吧，没接。
2025-07-25 13:18:54,986 - ASR - INFO - ASR结果: 嗯。
2025-07-25 13:18:56,154 - ASR - INFO - ASR结果: 
2025-07-25 13:19:02,542 - ASR - INFO - ASR结果: 脱离组织了嗯，是不是？
2025-07-25 13:19:11,871 - ASR - INFO - ASR结果: 不是主要是在这边没人管。
2025-07-25 13:19:13,057 - ASR - INFO - ASR结果: 
2025-07-25 13:19:19,878 - ASR - INFO - ASR结果: 开始了空调你吗？你好。
2025-07-25 13:20:01,572 - ASR - INFO - ASR结果: 说你要说没什么考厌，你的点，十点钟钟对啊，这里。
2025-07-25 13:27:10,346 - ASR - INFO - ASR结果: 你好。
2025-07-25 13:27:33,627 - ASR - INFO - ASR结果: 吃来没？
2025-07-25 13:28:02,704 - ASR - INFO - ASR结果: 
2025-07-25 13:28:09,940 - ASR - INFO - ASR结果: 你好。
2025-07-25 13:28:27,633 - ASR - INFO - ASR结果: 
2025-07-25 13:28:49,520 - ASR - INFO - ASR结果: 你好。
2025-07-25 13:29:18,989 - ASR - INFO - ASR结果: 你好。
2025-07-25 13:30:25,139 - ASR - INFO - ASR结果: 
2025-07-25 13:30:46,446 - ASR - INFO - ASR结果: 你好。
2025-07-25 13:31:10,982 - ASR - INFO - ASR结果: 
2025-07-25 13:32:04,239 - ASR - INFO - ASR结果: 
2025-07-25 13:33:56,503 - ASR - INFO - ASR结果: 
2025-07-25 13:34:07,201 - ASR - INFO - ASR结果: 
2025-07-25 13:34:25,206 - ASR - INFO - ASR结果: 
2025-07-25 13:34:36,153 - ASR - INFO - ASR结果: 
2025-07-25 13:35:48,233 - ASR - INFO - ASR结果: 他嗯。
2025-07-25 13:45:52,987 - ASR - INFO - ASR结果: 你好。
2025-07-25 13:46:08,785 - ASR - INFO - ASR结果: 
2025-07-25 13:46:50,696 - ASR - INFO - ASR结果: 
2025-07-25 13:46:54,769 - ASR - INFO - ASR结果: 
2025-07-25 13:47:20,389 - ASR - INFO - ASR结果: 嗯。
2025-07-25 13:56:29,012 - ASR - INFO - ASR结果: 你好。
2025-07-25 13:57:44,940 - ASR - INFO - ASR结果: 你好。
2025-07-25 14:00:10,683 - ASR - INFO - ASR结果: 你好。
2025-07-25 14:00:52,677 - ASR - INFO - ASR结果: 
2025-07-25 14:01:19,526 - ASR - INFO - ASR结果: 
2025-07-25 14:02:20,567 - ASR - INFO - ASR结果: 
2025-07-25 14:03:16,694 - ASR - INFO - ASR结果: 
2025-07-25 14:03:33,739 - ASR - INFO - ASR结果: 
2025-07-25 14:03:35,935 - ASR - INFO - ASR结果: 
2025-07-25 14:25:51,125 - ASR - INFO - ASR结果: 你好。
2025-07-25 14:26:03,736 - ASR - INFO - ASR结果: 
2025-07-25 14:26:15,264 - ASR - INFO - ASR结果: 
2025-07-25 14:26:16,726 - ASR - INFO - ASR结果: 
2025-07-25 14:27:51,637 - ASR - INFO - ASR结果: 你好。
2025-07-25 14:39:18,584 - ASR - INFO - ASR结果: 你好。
2025-07-25 14:40:21,643 - ASR - INFO - ASR结果: 这个公安部分工器是在上面。
2025-07-25 14:40:25,513 - ASR - INFO - ASR结果: 我跟说。
2025-07-25 14:40:30,668 - ASR - INFO - ASR结果: 
2025-07-25 14:40:51,330 - ASR - INFO - ASR结果: 哦，不对。
2025-07-25 14:40:54,355 - ASR - INFO - ASR结果: 一样样，就比如说。
2025-07-25 14:40:59,496 - ASR - INFO - ASR结果: 你好。
2025-07-25 14:42:03,257 - ASR - INFO - ASR结果: 嗯。
2025-07-25 14:42:19,370 - ASR - INFO - ASR结果: 你好。
2025-07-25 14:42:42,417 - ASR - INFO - ASR结果: 没看到。
2025-07-25 14:42:44,236 - ASR - INFO - ASR结果: 
2025-07-25 14:42:49,010 - ASR - INFO - ASR结果: 他发的时候太紧张了。
2025-07-25 14:42:52,931 - ASR - INFO - ASR结果: 蒲公雨，然后他发过来的。
2025-07-25 14:42:55,340 - ASR - INFO - ASR结果: 
2025-07-25 14:43:05,880 - ASR - INFO - ASR结果: 呃，接接电话，然后等等等，有不用可以发去的那个这个电话。
2025-07-25 14:43:18,767 - ASR - INFO - ASR结果: 不用这样，你等一下，然后我们们这样，然后他打分包我。
2025-07-25 14:43:21,220 - ASR - INFO - ASR结果: 
2025-07-25 14:43:31,972 - ASR - INFO - ASR结果: 你好。
2025-07-25 14:45:56,363 - ASR - INFO - ASR结果: 
2025-07-25 14:46:46,363 - ASR - INFO - ASR结果: 
2025-07-25 14:46:47,564 - ASR - INFO - ASR结果: 
2025-07-25 14:46:50,062 - ASR - INFO - ASR结果: 
2025-07-25 14:46:53,805 - ASR - INFO - ASR结果: 
2025-07-25 14:47:14,969 - ASR - INFO - ASR结果: 嗯嗯。
2025-07-25 14:47:17,740 - ASR - INFO - ASR结果: 啊，不是一响。
2025-07-25 14:47:22,365 - ASR - INFO - ASR结果: 这一个账号跟两个近有关系。
2025-07-25 14:47:24,248 - ASR - INFO - ASR结果: 
2025-07-25 14:47:30,296 - ASR - INFO - ASR结果: 
2025-07-25 14:47:44,497 - ASR - INFO - ASR结果: 没问题。
2025-07-25 14:47:49,503 - ASR - INFO - ASR结果: 看一下，在这里听着啊。
2025-07-25 14:47:50,804 - ASR - INFO - ASR结果: 
2025-07-25 14:48:02,917 - ASR - INFO - ASR结果: 今天这树木应该种上了，现在还还不准。
2025-07-25 14:48:07,194 - ASR - INFO - ASR结果: 等会呢，我把你张自己。
2025-07-25 14:48:23,357 - ASR - INFO - ASR结果: 
2025-07-25 14:48:27,594 - ASR - INFO - ASR结果: 
2025-07-25 14:48:51,746 - ASR - INFO - ASR结果: 
2025-07-25 14:49:01,309 - ASR - INFO - ASR结果: 
2025-07-25 14:49:12,644 - ASR - INFO - ASR结果: 
2025-07-25 15:01:17,181 - ASR - INFO - ASR结果: 你好。
2025-07-25 15:02:35,212 - ASR - INFO - ASR结果: 
2025-07-25 15:02:40,519 - ASR - INFO - ASR结果: 嗯。
2025-07-25 15:02:41,721 - ASR - INFO - ASR结果: 
2025-07-25 15:02:48,916 - ASR - INFO - ASR结果: 有了吗？
2025-07-25 15:02:51,209 - ASR - INFO - ASR结果: 
2025-07-25 15:02:56,454 - ASR - INFO - ASR结果: 因为他怎么这个那个是这样啊。
2025-07-25 15:03:08,505 - ASR - INFO - ASR结果: 行啊，不，因为奥巴马的版本太低了，所以呢回头呢呃你跟小王说一下，看能不能让他们把奥巴卡的版本就升级一下。
2025-07-25 15:03:11,250 - ASR - INFO - ASR结果: 那不行。
2025-07-25 15:03:14,813 - ASR - INFO - ASR结果: 那就天了二点五。
2025-07-25 15:11:17,205 - ASR - INFO - ASR结果: 你好。
2025-07-25 15:12:16,300 - ASR - INFO - ASR结果: 嗯。
2025-07-25 15:12:18,533 - ASR - INFO - ASR结果: 
2025-07-25 15:12:59,391 - ASR - INFO - ASR结果: 
2025-07-25 15:13:01,291 - ASR - INFO - ASR结果: 
2025-07-25 15:13:23,890 - ASR - INFO - ASR结果: 
2025-07-25 15:27:26,308 - ASR - INFO - ASR结果: 你好。
2025-07-25 15:28:07,824 - ASR - INFO - ASR结果: 新能源制力。
