2025-07-24 17:09:37,746 - Client - INFO - ---- 等待唤醒 ----
2025-07-24 17:09:37,981 - Client - INFO - 唤醒监听中，请说唤醒词“小迪”……
2025-07-24 17:09:41,239 - Client - INFO - 检测语音段完毕，发送至ASR识别...
2025-07-24 17:09:41,889 - Client - INFO - 检测到唤醒词，进入对话模式！
2025-07-24 17:09:41,918 - Client - INFO - ---- 进入多轮语音对话 ----
2025-07-24 17:09:44,114 - Client - INFO - 请开始说话（静音自动结束本轮对话）...
2025-07-24 17:09:53,926 - Client - INFO - 
本轮录音结束，等待助手回复...
2025-07-24 17:09:58,270 - Client - INFO - 助手回复正在播放: C:\Users\ZHANGS~1\AppData\Local\Temp\tmpu2_b1jc7.mp3
2025-07-24 17:09:58,275 - Client - ERROR - 播放助手语音回复失败: 
    Error 305 for command:
        open "C:\Users\ZHANGS~1\AppData\Local\Temp\tmpu2_b1jc7.mp3"
    在用引号括起的字符串不能指定额外的字符。
2025-07-24 17:09:58,277 - Client - INFO - 等待用户继续说话...（3秒内无输入则退出对话）
2025-07-24 17:09:58,278 - Client - ERROR - 等待用户继续说话...（3秒内）
2025-07-24 17:10:01,433 - Client - INFO - 等待超时，未检测到语音
2025-07-24 17:10:01,433 - Client - INFO - 对话超时结束
2025-07-24 17:10:01,434 - Client - INFO - ---- 等待唤醒 ----
2025-07-24 17:10:01,533 - Client - INFO - 唤醒监听中，请说唤醒词“小迪”……
2025-07-24 17:10:35,060 - Client - INFO - 检测语音段完毕，发送至ASR识别...
2025-07-24 17:10:35,856 - Client - INFO - 未检测到唤醒词，继续监听...
2025-07-24 17:10:38,116 - Client - INFO - 检测语音段完毕，发送至ASR识别...
2025-07-24 17:10:38,253 - Client - INFO - 未检测到唤醒词，继续监听...
2025-07-24 17:10:40,768 - Client - INFO - 检测语音段完毕，发送至ASR识别...
2025-07-24 17:10:40,969 - Client - INFO - 未检测到唤醒词，继续监听...
2025-07-24 17:11:09,811 - Client - INFO - 检测语音段完毕，发送至ASR识别...
2025-07-24 17:11:10,356 - Client - INFO - 未检测到唤醒词，继续监听...
2025-07-24 17:11:22,666 - Client - INFO - 检测语音段完毕，发送至ASR识别...
2025-07-24 17:11:22,833 - Client - INFO - 未检测到唤醒词，继续监听...
2025-07-24 17:17:54,787 - Client - INFO - ---- 等待唤醒 ----
2025-07-24 17:17:54,974 - Client - INFO - 唤醒监听中，请说唤醒词“小迪”……
2025-07-24 17:17:58,163 - Client - INFO - 检测语音段完毕，发送至ASR识别...
2025-07-24 17:17:58,809 - Client - INFO - 检测到唤醒词，进入对话模式！
2025-07-24 17:17:58,851 - Client - INFO - ---- 进入多轮语音对话 ----
2025-07-24 17:18:01,059 - Client - INFO - 请开始说话（静音自动结束本轮对话）...
2025-07-24 17:18:02,985 - Client - INFO - 
本轮录音结束，等待助手回复...
2025-07-24 17:18:06,190 - Client - INFO - 助手回复正在播放: C:\Users\ZHANGS~1\AppData\Local\Temp\tmp03kx0w3f.mp3
2025-07-24 17:18:10,085 - Client - INFO - 助手语音回复播放完成
2025-07-24 17:18:10,090 - Client - INFO - 等待用户继续说话...（3秒内无输入则退出对话）
2025-07-24 17:18:10,091 - Client - ERROR - 等待用户继续说话...（3秒内）
2025-07-24 17:18:13,259 - Client - INFO - 等待超时，未检测到语音
2025-07-24 17:18:13,260 - Client - INFO - 对话超时结束
2025-07-24 17:18:13,260 - Client - INFO - ---- 等待唤醒 ----
2025-07-24 17:18:13,357 - Client - INFO - 唤醒监听中，请说唤醒词“小迪”……
2025-07-24 17:18:31,213 - Client - INFO - 检测语音段完毕，发送至ASR识别...
2025-07-24 17:18:31,422 - Client - INFO - 未检测到唤醒词，继续监听...
2025-07-24 17:18:33,517 - Client - INFO - 检测语音段完毕，发送至ASR识别...
2025-07-24 17:18:33,675 - Client - INFO - 未检测到唤醒词，继续监听...
2025-07-24 17:18:35,247 - Client - INFO - 检测语音段完毕，发送至ASR识别...
2025-07-24 17:18:35,829 - Client - INFO - 检测到唤醒词，进入对话模式！
2025-07-24 17:18:35,855 - Client - INFO - ---- 进入多轮语音对话 ----
2025-07-24 17:18:38,005 - Client - INFO - 请开始说话（静音自动结束本轮对话）...
2025-07-24 17:18:40,287 - Client - INFO - 
本轮录音结束，等待助手回复...
2025-07-24 17:18:43,565 - Client - INFO - 助手回复正在播放: C:\Users\ZHANGS~1\AppData\Local\Temp\tmp2tlpbfkl.mp3
2025-07-24 17:18:47,452 - Client - INFO - 助手语音回复播放完成
2025-07-24 17:18:47,454 - Client - INFO - 等待用户继续说话...（3秒内无输入则退出对话）
2025-07-24 17:18:47,454 - Client - ERROR - 等待用户继续说话...（3秒内）
2025-07-24 17:18:47,832 - Client - INFO - 检测到用户继续说话
2025-07-24 17:18:47,832 - Client - INFO - 继续对话...
2025-07-24 17:18:49,980 - Client - INFO - 请开始说话（静音自动结束本轮对话）...
2025-07-24 17:18:53,585 - Client - INFO - 
本轮录音结束，等待助手回复...
2025-07-24 17:18:57,584 - Client - INFO - 助手回复正在播放: C:\Users\ZHANGS~1\AppData\Local\Temp\tmp3wjkwab5.mp3
2025-07-24 17:19:04,992 - Client - INFO - 助手语音回复播放完成
2025-07-24 17:19:04,994 - Client - INFO - 等待用户继续说话...（3秒内无输入则退出对话）
2025-07-24 17:19:04,994 - Client - ERROR - 等待用户继续说话...（3秒内）
2025-07-24 17:19:05,399 - Client - INFO - 检测到用户继续说话
2025-07-24 17:19:05,399 - Client - INFO - 继续对话...
2025-07-24 17:19:07,504 - Client - INFO - 请开始说话（静音自动结束本轮对话）...
2025-07-24 17:19:09,758 - Client - INFO - 
本轮录音结束，等待助手回复...
2025-07-24 17:19:13,264 - Client - INFO - 助手回复正在播放: C:\Users\ZHANGS~1\AppData\Local\Temp\tmpkkaxd2jw.mp3
2025-07-24 17:19:17,074 - Client - INFO - 助手语音回复播放完成
2025-07-24 17:19:17,076 - Client - INFO - 等待用户继续说话...（3秒内无输入则退出对话）
2025-07-24 17:19:17,076 - Client - ERROR - 等待用户继续说话...（3秒内）
2025-07-24 17:19:20,232 - Client - INFO - 等待超时，未检测到语音
2025-07-24 17:19:20,233 - Client - INFO - 对话超时结束
2025-07-24 17:19:20,233 - Client - INFO - ---- 等待唤醒 ----
2025-07-24 17:19:20,335 - Client - INFO - 唤醒监听中，请说唤醒词“小迪”……
2025-07-24 17:19:23,232 - Client - INFO - 检测语音段完毕，发送至ASR识别...
2025-07-24 17:19:24,006 - Client - INFO - 未检测到唤醒词，继续监听...
2025-07-24 17:20:11,191 - Client - INFO - 检测语音段完毕，发送至ASR识别...
2025-07-24 17:20:11,338 - Client - INFO - 未检测到唤醒词，继续监听...
2025-07-24 17:20:38,243 - Client - INFO - 检测语音段完毕，发送至ASR识别...
2025-07-24 17:20:38,403 - Client - INFO - 未检测到唤醒词，继续监听...
2025-07-24 17:20:57,870 - Client - INFO - 检测语音段完毕，发送至ASR识别...
2025-07-24 17:20:58,116 - Client - INFO - 未检测到唤醒词，继续监听...
2025-07-24 17:22:06,967 - Client - INFO - 检测语音段完毕，发送至ASR识别...
2025-07-24 17:22:07,129 - Client - INFO - 未检测到唤醒词，继续监听...
2025-07-24 17:22:16,966 - Client - INFO - 检测语音段完毕，发送至ASR识别...
2025-07-24 17:22:17,144 - Client - INFO - 未检测到唤醒词，继续监听...
2025-07-24 17:22:24,834 - Client - INFO - 检测语音段完毕，发送至ASR识别...
2025-07-24 17:22:25,571 - Client - INFO - 未检测到唤醒词，继续监听...
2025-07-24 17:22:28,016 - Client - INFO - 检测语音段完毕，发送至ASR识别...
2025-07-24 17:22:28,650 - Client - INFO - 未检测到唤醒词，继续监听...
2025-07-24 17:22:33,042 - Client - INFO - 检测语音段完毕，发送至ASR识别...
2025-07-24 17:22:34,031 - Client - INFO - 未检测到唤醒词，继续监听...
2025-07-24 17:22:35,544 - Client - INFO - 检测语音段完毕，发送至ASR识别...
2025-07-24 17:22:35,700 - Client - INFO - 未检测到唤醒词，继续监听...
2025-07-24 17:22:37,301 - Client - INFO - 检测语音段完毕，发送至ASR识别...
2025-07-24 17:22:37,475 - Client - INFO - 未检测到唤醒词，继续监听...
2025-07-24 17:22:39,364 - Client - INFO - 检测语音段完毕，发送至ASR识别...
2025-07-24 17:22:40,012 - Client - INFO - 未检测到唤醒词，继续监听...
2025-07-24 17:22:42,682 - Client - INFO - 检测语音段完毕，发送至ASR识别...
2025-07-24 17:22:43,395 - Client - INFO - 未检测到唤醒词，继续监听...
2025-07-24 17:22:51,460 - Client - INFO - 检测语音段完毕，发送至ASR识别...
2025-07-24 17:22:51,680 - Client - INFO - 未检测到唤醒词，继续监听...
2025-07-24 17:22:54,226 - Client - INFO - 检测语音段完毕，发送至ASR识别...
2025-07-24 17:22:54,408 - Client - INFO - 未检测到唤醒词，继续监听...
2025-07-24 17:22:56,863 - Client - INFO - 检测语音段完毕，发送至ASR识别...
2025-07-24 17:22:57,006 - Client - INFO - 未检测到唤醒词，继续监听...
2025-07-24 17:22:58,414 - Client - INFO - 检测语音段完毕，发送至ASR识别...
2025-07-24 17:22:58,555 - Client - INFO - 未检测到唤醒词，继续监听...
2025-07-24 17:23:03,866 - Client - INFO - 检测语音段完毕，发送至ASR识别...
2025-07-24 17:23:05,048 - Client - INFO - 未检测到唤醒词，继续监听...
2025-07-24 17:23:22,328 - Client - INFO - 检测语音段完毕，发送至ASR识别...
2025-07-24 17:23:25,648 - Client - INFO - 未检测到唤醒词，继续监听...
2025-07-24 17:23:34,164 - Client - INFO - 检测语音段完毕，发送至ASR识别...
2025-07-24 17:23:34,799 - Client - INFO - 未检测到唤醒词，继续监听...
2025-07-24 17:23:43,765 - Client - INFO - 检测语音段完毕，发送至ASR识别...
2025-07-24 17:23:43,908 - Client - INFO - 未检测到唤醒词，继续监听...
2025-07-24 17:41:53,912 - Client - INFO - ---- 等待唤醒 ----
2025-07-24 17:41:54,106 - Client - INFO - 唤醒监听中，请说唤醒词“小迪”……
2025-07-24 17:41:58,443 - Client - INFO - 检测语音段完毕，发送至ASR识别...
2025-07-24 17:41:59,090 - Client - INFO - 未检测到唤醒词，继续监听...
2025-07-24 17:42:05,463 - Client - INFO - 检测语音段完毕，发送至ASR识别...
2025-07-24 17:42:06,128 - Client - INFO - 检测到唤醒词，进入对话模式！
2025-07-24 17:42:06,167 - Client - INFO - ---- 进入多轮语音对话 ----
2025-07-24 17:43:08,689 - Client - INFO - 等待用户继续说话...（3秒内无输入则退出对话）
2025-07-24 17:43:08,689 - Client - INFO - 等待用户继续说话...（3秒内）
2025-07-24 17:43:09,845 - Client - INFO - 检测到用户继续说话
2025-07-24 17:43:09,845 - Client - INFO - 继续对话...
2025-07-24 17:43:19,154 - Client - INFO - 等待用户继续说话...（3秒内无输入则退出对话）
2025-07-24 17:43:19,154 - Client - INFO - 等待用户继续说话...（3秒内）
2025-07-24 17:43:20,595 - Client - INFO - 检测到用户继续说话
2025-07-24 17:43:20,595 - Client - INFO - 继续对话...
2025-07-24 17:43:31,393 - Client - INFO - 等待用户继续说话...（3秒内无输入则退出对话）
2025-07-24 17:43:31,393 - Client - INFO - 等待用户继续说话...（3秒内）
2025-07-24 17:43:34,544 - Client - INFO - 等待超时，未检测到语音
2025-07-24 17:43:34,544 - Client - INFO - 对话超时结束
2025-07-24 17:43:34,544 - Client - INFO - ---- 等待唤醒 ----
2025-07-24 17:43:34,654 - Client - INFO - 唤醒监听中，请说唤醒词“小迪”……
2025-07-24 17:45:20,587 - Client - INFO - 检测语音段完毕，发送至ASR识别...
2025-07-24 17:45:20,716 - Client - INFO - 未检测到唤醒词，继续监听...
2025-07-24 19:02:08,761 - Client - INFO - ---- 等待唤醒 ----
2025-07-24 19:02:09,241 - Client - INFO - 唤醒监听中，请说唤醒词“小迪”……
2025-07-24 19:02:12,935 - Client - INFO - 检测语音段完毕，发送至ASR识别...
2025-07-24 19:02:13,671 - Client - INFO - 检测到唤醒词，进入对话模式！
2025-07-24 19:02:13,712 - Client - INFO - ---- 进入多轮语音对话 ----
2025-07-24 19:02:35,557 - Client - INFO - 等待用户继续说话...（3秒内无输入则退出对话）
2025-07-24 19:02:35,557 - Client - INFO - 等待用户继续说话...（3秒内）
2025-07-24 19:02:35,896 - Client - INFO - 检测到用户继续说话
2025-07-24 19:02:35,896 - Client - INFO - 继续对话...
2025-07-24 19:02:43,669 - Client - INFO - 等待用户继续说话...（3秒内无输入则退出对话）
2025-07-24 19:02:43,669 - Client - INFO - 等待用户继续说话...（3秒内）
2025-07-24 19:02:45,123 - Client - INFO - 检测到用户继续说话
2025-07-24 19:02:45,123 - Client - INFO - 继续对话...
2025-07-24 19:02:51,446 - Client - INFO - 等待用户继续说话...（3秒内无输入则退出对话）
2025-07-24 19:02:51,446 - Client - INFO - 等待用户继续说话...（3秒内）
2025-07-24 19:02:54,404 - Client - INFO - 检测到用户继续说话
2025-07-24 19:02:54,404 - Client - INFO - 继续对话...
2025-07-24 19:03:00,448 - Client - INFO - 等待用户继续说话...（3秒内无输入则退出对话）
2025-07-24 19:03:00,448 - Client - INFO - 等待用户继续说话...（3秒内）
2025-07-24 19:03:03,349 - Client - INFO - 检测到用户继续说话
2025-07-24 19:03:03,349 - Client - INFO - 继续对话...
2025-07-24 19:03:09,668 - Client - INFO - 等待用户继续说话...（3秒内无输入则退出对话）
2025-07-24 19:03:09,668 - Client - INFO - 等待用户继续说话...（3秒内）
2025-07-24 19:03:10,394 - Client - INFO - 检测到用户继续说话
2025-07-24 19:03:10,394 - Client - INFO - 继续对话...
2025-07-24 19:03:16,445 - Client - INFO - 等待用户继续说话...（3秒内无输入则退出对话）
2025-07-24 19:03:16,445 - Client - INFO - 等待用户继续说话...（3秒内）
2025-07-24 19:03:16,835 - Client - INFO - 检测到用户继续说话
2025-07-24 19:03:16,836 - Client - INFO - 继续对话...
2025-07-24 19:03:22,986 - Client - INFO - 等待用户继续说话...（3秒内无输入则退出对话）
2025-07-24 19:03:22,986 - Client - INFO - 等待用户继续说话...（3秒内）
2025-07-24 19:03:23,316 - Client - INFO - 检测到用户继续说话
2025-07-24 19:03:23,316 - Client - INFO - 继续对话...
2025-07-24 19:03:35,775 - Client - INFO - 等待用户继续说话...（3秒内无输入则退出对话）
2025-07-24 19:03:35,775 - Client - INFO - 等待用户继续说话...（3秒内）
2025-07-24 19:03:36,704 - Client - INFO - 检测到用户继续说话
2025-07-24 19:03:36,705 - Client - INFO - 继续对话...
2025-07-24 19:03:56,192 - Client - INFO - 等待用户继续说话...（3秒内无输入则退出对话）
2025-07-24 19:03:56,192 - Client - INFO - 等待用户继续说话...（3秒内）
2025-07-24 19:03:59,371 - Client - INFO - 等待超时，未检测到语音
2025-07-24 19:03:59,372 - Client - INFO - 对话超时结束
2025-07-24 19:03:59,372 - Client - INFO - ---- 等待唤醒 ----
2025-07-24 19:03:59,472 - Client - INFO - 唤醒监听中，请说唤醒词“小迪”……
2025-07-24 19:04:09,457 - Client - INFO - 检测语音段完毕，发送至ASR识别...
2025-07-24 19:04:10,099 - Client - INFO - 未检测到唤醒词，继续监听...
2025-07-24 19:04:13,409 - Client - INFO - 检测语音段完毕，发送至ASR识别...
2025-07-24 19:04:13,510 - Client - INFO - 未检测到唤醒词，继续监听...
2025-07-24 19:04:25,694 - Client - INFO - 检测语音段完毕，发送至ASR识别...
2025-07-24 19:04:26,371 - Client - INFO - 未检测到唤醒词，继续监听...
2025-07-24 19:04:35,608 - Client - INFO - 检测语音段完毕，发送至ASR识别...
2025-07-24 19:04:35,719 - Client - INFO - 未检测到唤醒词，继续监听...
2025-07-24 19:04:37,648 - Client - INFO - 检测语音段完毕，发送至ASR识别...
2025-07-24 19:04:37,762 - Client - INFO - 未检测到唤醒词，继续监听...
2025-07-24 19:04:43,501 - Client - INFO - 检测语音段完毕，发送至ASR识别...
2025-07-24 19:04:43,618 - Client - INFO - 未检测到唤醒词，继续监听...
2025-07-24 19:04:48,612 - Client - INFO - 检测语音段完毕，发送至ASR识别...
2025-07-24 19:04:49,516 - Client - INFO - 未检测到唤醒词，继续监听...
2025-07-24 19:04:53,245 - Client - INFO - 检测语音段完毕，发送至ASR识别...
2025-07-24 19:04:54,031 - Client - INFO - 未检测到唤醒词，继续监听...
2025-07-24 19:05:00,161 - Client - INFO - 检测语音段完毕，发送至ASR识别...
2025-07-24 19:05:01,393 - Client - INFO - 未检测到唤醒词，继续监听...
2025-07-24 19:05:05,979 - Client - INFO - 检测语音段完毕，发送至ASR识别...
2025-07-24 19:05:06,934 - Client - INFO - 未检测到唤醒词，继续监听...
2025-07-24 19:05:09,466 - Client - INFO - 检测语音段完毕，发送至ASR识别...
2025-07-24 19:05:10,211 - Client - INFO - 未检测到唤醒词，继续监听...
2025-07-24 19:05:19,940 - Client - INFO - 检测语音段完毕，发送至ASR识别...
2025-07-24 19:05:20,058 - Client - INFO - 未检测到唤醒词，继续监听...
2025-07-24 19:05:23,856 - Client - INFO - 检测语音段完毕，发送至ASR识别...
2025-07-24 19:05:23,956 - Client - INFO - 未检测到唤醒词，继续监听...
2025-07-24 19:05:26,330 - Client - INFO - 检测语音段完毕，发送至ASR识别...
2025-07-24 19:05:26,436 - Client - INFO - 未检测到唤醒词，继续监听...
2025-07-24 19:05:29,780 - Client - INFO - 检测语音段完毕，发送至ASR识别...
2025-07-24 19:05:29,882 - Client - INFO - 未检测到唤醒词，继续监听...
2025-07-24 19:05:34,641 - Client - INFO - 检测语音段完毕，发送至ASR识别...
2025-07-24 19:05:35,709 - Client - INFO - 未检测到唤醒词，继续监听...
2025-07-24 19:05:41,073 - Client - INFO - 检测语音段完毕，发送至ASR识别...
2025-07-24 19:05:41,188 - Client - INFO - 未检测到唤醒词，继续监听...
2025-07-24 19:05:44,958 - Client - INFO - 检测语音段完毕，发送至ASR识别...
2025-07-24 19:05:45,744 - Client - INFO - 未检测到唤醒词，继续监听...
2025-07-24 19:05:47,016 - Client - INFO - 检测语音段完毕，发送至ASR识别...
2025-07-24 19:05:47,588 - Client - INFO - 未检测到唤醒词，继续监听...
2025-07-24 19:05:52,151 - Client - INFO - 检测语音段完毕，发送至ASR识别...
2025-07-24 19:05:52,788 - Client - INFO - 未检测到唤醒词，继续监听...
2025-07-24 19:05:54,266 - Client - INFO - 检测语音段完毕，发送至ASR识别...
2025-07-24 19:05:54,364 - Client - INFO - 未检测到唤醒词，继续监听...
2025-07-24 19:05:57,460 - Client - INFO - 检测语音段完毕，发送至ASR识别...
2025-07-24 19:05:58,134 - Client - INFO - 检测到唤醒词，进入对话模式！
2025-07-24 19:05:58,177 - Client - INFO - ---- 进入多轮语音对话 ----
2025-07-24 19:06:07,136 - Client - INFO - 等待用户继续说话...（3秒内无输入则退出对话）
2025-07-24 19:06:07,137 - Client - INFO - 等待用户继续说话...（3秒内）
2025-07-24 19:06:10,313 - Client - INFO - 等待超时，未检测到语音
2025-07-24 19:06:10,314 - Client - INFO - 对话超时结束
2025-07-24 19:06:10,314 - Client - INFO - ---- 等待唤醒 ----
2025-07-24 19:06:10,413 - Client - INFO - 唤醒监听中，请说唤醒词“小迪”……
2025-07-24 19:06:14,753 - Client - INFO - 检测语音段完毕，发送至ASR识别...
2025-07-24 19:06:16,370 - Client - INFO - 未检测到唤醒词，继续监听...
2025-07-24 19:06:19,170 - Client - INFO - 检测语音段完毕，发送至ASR识别...
2025-07-24 19:06:20,152 - Client - INFO - 未检测到唤醒词，继续监听...
2025-07-24 19:06:26,054 - Client - INFO - 检测语音段完毕，发送至ASR识别...
2025-07-24 19:06:27,320 - Client - INFO - 未检测到唤醒词，继续监听...
2025-07-24 19:06:36,256 - Client - INFO - 检测语音段完毕，发送至ASR识别...
2025-07-24 19:06:37,559 - Client - INFO - 未检测到唤醒词，继续监听...
2025-07-24 19:06:47,725 - Client - INFO - 检测语音段完毕，发送至ASR识别...
2025-07-24 19:06:47,825 - Client - INFO - 未检测到唤醒词，继续监听...
2025-07-24 19:15:40,591 - Client - INFO - ---- 等待唤醒 ----
2025-07-24 19:15:40,702 - Client - INFO - 唤醒监听中，请说唤醒词“小迪”……
2025-07-24 19:15:44,387 - Client - INFO - 检测语音段完毕，发送至ASR识别...
2025-07-24 19:15:45,002 - Client - INFO - 检测到唤醒词，进入对话模式！
2025-07-24 19:15:45,061 - Client - INFO - ---- 进入多轮语音对话 ----
2025-07-24 19:15:47,248 - Client - INFO - 请开始说话（静音自动结束本轮对话）...
2025-07-24 19:15:49,333 - Client - INFO - 
本轮录音结束，等待助手回复...
2025-07-24 19:15:52,512 - Client - INFO - 助手回复正在播放: temp_audio\reply_25d88539f84c4df3b857b72da0e6b2bc.mp3
2025-07-24 19:15:55,842 - Client - INFO - 助手语音回复播放完成
2025-07-24 19:15:55,859 - Client - INFO - 等待用户继续说话...（3秒内无输入则退出对话）
2025-07-24 19:15:55,860 - Client - INFO - 等待用户继续说话...（3秒内）
2025-07-24 19:15:57,012 - Client - INFO - 检测到用户继续说话
2025-07-24 19:15:57,012 - Client - INFO - 继续对话...
2025-07-24 19:15:59,151 - Client - INFO - 请开始说话（静音自动结束本轮对话）...
2025-07-24 19:16:02,616 - Client - INFO - 
本轮录音结束，等待助手回复...
2025-07-24 19:16:06,847 - Client - INFO - 助手回复正在播放: temp_audio\reply_e66be27684d5477dba0ee8558b1d568c.mp3
2025-07-24 19:16:17,038 - Client - INFO - 助手语音回复播放完成
2025-07-24 19:16:17,040 - Client - INFO - 等待用户继续说话...（3秒内无输入则退出对话）
2025-07-24 19:16:17,041 - Client - INFO - 等待用户继续说话...（3秒内）
2025-07-24 19:16:17,671 - Client - INFO - 检测到用户继续说话
2025-07-24 19:16:17,671 - Client - INFO - 继续对话...
2025-07-24 19:16:19,793 - Client - INFO - 请开始说话（静音自动结束本轮对话）...
2025-07-24 19:16:20,921 - Client - INFO - 
本轮录音结束，等待助手回复...
2025-07-24 19:16:24,453 - Client - INFO - 助手回复正在播放: temp_audio\reply_fca7d7899ef742e59971a19709611129.mp3
2025-07-24 19:16:30,504 - Client - INFO - 助手语音回复播放完成
2025-07-24 19:16:30,521 - Client - INFO - 等待用户继续说话...（3秒内无输入则退出对话）
2025-07-24 19:16:30,522 - Client - INFO - 等待用户继续说话...（3秒内）
2025-07-24 19:16:31,266 - Client - INFO - 检测到用户继续说话
2025-07-24 19:16:31,266 - Client - INFO - 继续对话...
2025-07-24 19:16:33,364 - Client - INFO - 请开始说话（静音自动结束本轮对话）...
2025-07-24 19:16:35,509 - Client - INFO - 
本轮录音结束，等待助手回复...
2025-07-24 19:16:38,887 - Client - INFO - 助手回复正在播放: temp_audio\reply_d4bfb7e0e3b248bea9b30e9197a3e608.mp3
2025-07-24 19:16:42,320 - Client - INFO - 助手语音回复播放完成
2025-07-24 19:16:42,324 - Client - INFO - 等待用户继续说话...（3秒内无输入则退出对话）
2025-07-24 19:16:42,325 - Client - INFO - 等待用户继续说话...（3秒内）
2025-07-24 19:16:43,247 - Client - INFO - 检测到用户继续说话
2025-07-24 19:16:43,247 - Client - INFO - 继续对话...
2025-07-24 19:16:45,353 - Client - INFO - 请开始说话（静音自动结束本轮对话）...
2025-07-24 19:16:47,978 - Client - INFO - 
本轮录音结束，等待助手回复...
2025-07-24 19:16:52,517 - Client - INFO - 助手回复正在播放: temp_audio\reply_e57c4bba5ca14125a3a5fef9c6bd79ac.mp3
2025-07-24 19:17:05,605 - Client - INFO - 助手语音回复播放完成
2025-07-24 19:17:05,620 - Client - INFO - 等待用户继续说话...（3秒内无输入则退出对话）
2025-07-24 19:17:05,621 - Client - INFO - 等待用户继续说话...（3秒内）
2025-07-24 19:17:05,912 - Client - INFO - 检测到用户继续说话
2025-07-24 19:17:05,912 - Client - INFO - 继续对话...
2025-07-24 19:17:08,007 - Client - INFO - 请开始说话（静音自动结束本轮对话）...
2025-07-24 19:17:09,130 - Client - INFO - 
本轮录音结束，等待助手回复...
2025-07-24 19:17:12,149 - Client - INFO - 助手回复正在播放: temp_audio\reply_97b6cab7915e4cb9abc5b26c3cfac169.mp3
2025-07-24 19:17:18,602 - Client - INFO - 助手语音回复播放完成
2025-07-24 19:17:18,605 - Client - INFO - 等待用户继续说话...（3秒内无输入则退出对话）
2025-07-24 19:17:18,605 - Client - INFO - 等待用户继续说话...（3秒内）
2025-07-24 19:17:19,357 - Client - INFO - 检测到用户继续说话
2025-07-24 19:17:19,358 - Client - INFO - 继续对话...
2025-07-24 19:17:21,479 - Client - INFO - 请开始说话（静音自动结束本轮对话）...
2025-07-24 19:17:22,604 - Client - INFO - 
本轮录音结束，等待助手回复...
2025-07-24 19:17:25,895 - Client - INFO - 助手回复正在播放: temp_audio\reply_ff061003778f473cb729561d274be3fb.mp3
2025-07-24 19:17:28,824 - Client - INFO - 助手语音回复播放完成
2025-07-24 19:17:28,828 - Client - INFO - 等待用户继续说话...（3秒内无输入则退出对话）
2025-07-24 19:17:28,828 - Client - INFO - 等待用户继续说话...（3秒内）
2025-07-24 19:17:29,759 - Client - INFO - 检测到用户继续说话
2025-07-24 19:17:29,760 - Client - INFO - 继续对话...
2025-07-24 19:17:31,871 - Client - INFO - 请开始说话（静音自动结束本轮对话）...
2025-07-24 19:17:37,076 - Client - INFO - 
本轮录音结束，等待助手回复...
2025-07-24 19:17:42,854 - Client - INFO - 助手回复正在播放: temp_audio\reply_223373f7cc7546608bb3ebcd1adc3a1d.mp3
2025-07-24 19:17:57,861 - Client - INFO - 助手语音回复播放完成
2025-07-24 19:17:57,878 - Client - INFO - 等待用户继续说话...（3秒内无输入则退出对话）
2025-07-24 19:17:57,878 - Client - INFO - 等待用户继续说话...（3秒内）
2025-07-24 19:18:01,018 - Client - INFO - 等待超时，未检测到语音
2025-07-24 19:18:01,018 - Client - INFO - 对话超时结束
2025-07-24 19:18:01,018 - Client - INFO - ---- 等待唤醒 ----
2025-07-24 19:18:01,099 - Client - INFO - 唤醒监听中，请说唤醒词“小迪”……
2025-07-24 19:18:06,740 - Client - INFO - 检测语音段完毕，发送至ASR识别...
2025-07-24 19:18:07,956 - Client - INFO - 未检测到唤醒词，继续监听...
2025-07-24 19:18:17,387 - Client - INFO - 检测语音段完毕，发送至ASR识别...
2025-07-24 19:18:18,299 - Client - INFO - 检测到唤醒词，进入对话模式！
2025-07-24 19:18:18,375 - Client - INFO - ---- 进入多轮语音对话 ----
2025-07-24 19:18:20,484 - Client - INFO - 请开始说话（静音自动结束本轮对话）...
2025-07-24 19:18:23,439 - Client - INFO - 
本轮录音结束，等待助手回复...
2025-07-24 19:18:27,645 - Client - INFO - 助手回复正在播放: temp_audio\reply_3745ecae9f444a019e91bb9bec2aa005.mp3
2025-07-24 19:18:41,345 - Client - INFO - 助手语音回复播放完成
2025-07-24 19:18:41,362 - Client - INFO - 等待用户继续说话...（3秒内无输入则退出对话）
2025-07-24 19:18:41,364 - Client - INFO - 等待用户继续说话...（3秒内）
2025-07-24 19:18:43,425 - Client - INFO - 检测到用户继续说话
2025-07-24 19:18:43,425 - Client - INFO - 继续对话...
2025-07-24 19:18:45,563 - Client - INFO - 请开始说话（静音自动结束本轮对话）...
2025-07-24 19:18:48,759 - Client - INFO - 
本轮录音结束，等待助手回复...
2025-07-24 19:18:57,829 - Client - INFO - 助手回复正在播放: temp_audio\reply_9e98ce177ad14b77a6889785deacea06.mp3
2025-07-24 19:19:24,091 - Client - INFO - 助手语音回复播放完成
2025-07-24 19:19:24,109 - Client - INFO - 等待用户继续说话...（3秒内无输入则退出对话）
2025-07-24 19:19:24,110 - Client - INFO - 等待用户继续说话...（3秒内）
2025-07-24 19:19:25,365 - Client - INFO - 检测到用户继续说话
2025-07-24 19:19:25,366 - Client - INFO - 继续对话...
2025-07-24 19:19:27,485 - Client - INFO - 请开始说话（静音自动结束本轮对话）...
2025-07-24 19:19:28,612 - Client - INFO - 
本轮录音结束，等待助手回复...
2025-07-24 19:19:32,259 - Client - INFO - 助手回复正在播放: temp_audio\reply_0d4b02cb7a2d4e9ea643a6dd1227eae9.mp3
2025-07-24 19:19:36,099 - Client - INFO - 助手语音回复播放完成
2025-07-24 19:19:36,103 - Client - INFO - 等待用户继续说话...（3秒内无输入则退出对话）
2025-07-24 19:19:36,103 - Client - INFO - 等待用户继续说话...（3秒内）
2025-07-24 19:19:38,954 - Client - INFO - 检测到用户继续说话
2025-07-24 19:19:38,955 - Client - INFO - 继续对话...
2025-07-24 19:19:41,069 - Client - INFO - 请开始说话（静音自动结束本轮对话）...
2025-07-24 19:19:42,163 - Client - INFO - 
本轮录音结束，等待助手回复...
2025-07-24 19:19:45,280 - Client - INFO - 助手回复正在播放: temp_audio\reply_668c9b68165b44e096d73ed43e01b170.mp3
2025-07-24 19:19:48,212 - Client - INFO - 助手语音回复播放完成
2025-07-24 19:19:48,228 - Client - INFO - 等待用户继续说话...（3秒内无输入则退出对话）
2025-07-24 19:19:48,228 - Client - INFO - 等待用户继续说话...（3秒内）
2025-07-24 19:19:51,360 - Client - INFO - 等待超时，未检测到语音
2025-07-24 19:19:51,360 - Client - INFO - 对话超时结束
2025-07-24 19:19:51,360 - Client - INFO - ---- 等待唤醒 ----
2025-07-24 19:19:51,437 - Client - INFO - 唤醒监听中，请说唤醒词“小迪”……
2025-07-24 19:19:58,399 - Client - INFO - 检测语音段完毕，发送至ASR识别...
2025-07-24 19:19:59,000 - Client - INFO - 未检测到唤醒词，继续监听...
2025-07-24 19:20:06,375 - Client - INFO - 检测语音段完毕，发送至ASR识别...
2025-07-24 19:20:07,664 - Client - INFO - 未检测到唤醒词，继续监听...
2025-07-24 19:20:08,891 - Client - INFO - 检测语音段完毕，发送至ASR识别...
2025-07-24 19:20:09,509 - Client - INFO - 未检测到唤醒词，继续监听...
2025-07-24 19:20:11,904 - Client - INFO - 检测语音段完毕，发送至ASR识别...
2025-07-24 19:20:12,476 - Client - INFO - 未检测到唤醒词，继续监听...
2025-07-24 19:20:16,671 - Client - INFO - 检测语音段完毕，发送至ASR识别...
2025-07-24 19:20:17,700 - Client - INFO - 未检测到唤醒词，继续监听...
2025-07-24 19:20:24,084 - Client - INFO - 检测语音段完毕，发送至ASR识别...
2025-07-24 19:20:25,584 - Client - INFO - 未检测到唤醒词，继续监听...
2025-07-24 19:20:29,195 - Client - INFO - 检测语音段完毕，发送至ASR识别...
2025-07-24 19:20:30,192 - Client - INFO - 未检测到唤醒词，继续监听...
2025-07-24 19:20:44,784 - Client - INFO - 检测语音段完毕，发送至ASR识别...
2025-07-24 19:20:45,347 - Client - INFO - 未检测到唤醒词，继续监听...
2025-07-24 19:20:57,477 - Client - INFO - 检测语音段完毕，发送至ASR识别...
2025-07-24 19:20:58,046 - Client - INFO - 未检测到唤醒词，继续监听...
2025-07-24 19:21:00,507 - Client - INFO - 检测语音段完毕，发送至ASR识别...
2025-07-24 19:21:00,614 - Client - INFO - 未检测到唤醒词，继续监听...
2025-07-24 19:21:14,660 - Client - INFO - 检测语音段完毕，发送至ASR识别...
2025-07-24 19:21:14,846 - Client - INFO - 未检测到唤醒词，继续监听...
2025-07-24 19:21:37,612 - Client - INFO - 检测语音段完毕，发送至ASR识别...
2025-07-24 19:21:37,709 - Client - INFO - 未检测到唤醒词，继续监听...
